------------------------------------------------------------------------------------------------------------------------

[2017-12-07 16:45:24 #1 explorer] 
[ObjectDB 2.7.2_08] javax.persistence.PersistenceException
Attempt to open a database file 'C:\Users\PysiAz\Documents\movieBooking\MovieBookingFx\database\Movie.odb' that is currently in use by another process (error 141)
	at com.objectdb.Explorer$1.run(Explorer.java:57)
	at java.awt.event.InvocationEvent.dispatch(Unknown Source)
	at java.awt.EventQueue.dispatchEventImpl(Unknown Source)
	at java.awt.EventQueue.access$500(Unknown Source)
	at java.awt.EventQueue$3.run(Unknown Source)
	at java.awt.EventQueue$3.run(Unknown Source)
	at java.security.AccessController.doPrivileged(Native Method)
	at java.security.ProtectionDomain$JavaSecurityAccessImpl.doIntersectionPrivilege(Unknown Source)
	at java.awt.EventQueue.dispatchEvent(Unknown Source)
	at java.awt.EventDispatchThread.pumpOneEventForFilters(Unknown Source)
	at java.awt.EventDispatchThread.pumpEventsForFilter(Unknown Source)
	at java.awt.EventDispatchThread.pumpEventsForHierarchy(Unknown Source)
	at java.awt.EventDispatchThread.pumpEvents(Unknown Source)
	at java.awt.EventDispatchThread.pumpEvents(Unknown Source)
	at java.awt.EventDispatchThread.run(Unknown Source)
Caused by: com.objectdb.o.UserException: Attempt to open a database file 'C:\Users\PysiAz\Documents\movieBooking\MovieBookingFx\database\Movie.odb' that is currently in use by another process
	at com.objectdb.o.MSG.a(MSG.java:64)
	at com.objectdb.o.LFL.J(LFL.java:930)
	at com.objectdb.o.LFL.x(LFL.java:887)
	at com.objectdb.o.LFL.x(LFL.java:797)
	at com.objectdb.o.DFL.<init>(DFL.java:241)
	at com.objectdb.o.DMG.<init>(DMG.java:27)
	at com.objectdb.o.MST.<init>(MST.java:127)
	at com.objectdb.o.MST.ao(MST.java:109)
	at com.objectdb.o.MSF.Y1(MSF.java:190)
	at com.objectdb.o.OMF.r(OMF.java:783)
	at com.objectdb.jpa.EMF.r(EMF.java:130)
	at com.objectdb.o.OMF.w(OMF.java:694)
	at com.objectdb.jpa.EMF.createEntityManager(EMF.java:149)
	... 17 more

------------------------------------------------------------------------------------------------------------------------

[2017-12-07 16:45:36 #1 explorer] 
[ObjectDB 2.7.2_08] javax.persistence.PersistenceException
Attempt to open a database file 'C:\Users\PysiAz\Documents\movieBooking\MovieBookingFx\database\Movie.odb' that is currently in use by another process (error 141)
	at com.objectdb.Explorer$1.run(Explorer.java:57)
	at java.awt.event.InvocationEvent.dispatch(Unknown Source)
	at java.awt.EventQueue.dispatchEventImpl(Unknown Source)
	at java.awt.EventQueue.access$500(Unknown Source)
	at java.awt.EventQueue$3.run(Unknown Source)
	at java.awt.EventQueue$3.run(Unknown Source)
	at java.security.AccessController.doPrivileged(Native Method)
	at java.security.ProtectionDomain$JavaSecurityAccessImpl.doIntersectionPrivilege(Unknown Source)
	at java.awt.EventQueue.dispatchEvent(Unknown Source)
	at java.awt.EventDispatchThread.pumpOneEventForFilters(Unknown Source)
	at java.awt.EventDispatchThread.pumpEventsForFilter(Unknown Source)
	at java.awt.EventDispatchThread.pumpEventsForHierarchy(Unknown Source)
	at java.awt.EventDispatchThread.pumpEvents(Unknown Source)
	at java.awt.EventDispatchThread.pumpEvents(Unknown Source)
	at java.awt.EventDispatchThread.run(Unknown Source)
Caused by: com.objectdb.o.UserException: Attempt to open a database file 'C:\Users\PysiAz\Documents\movieBooking\MovieBookingFx\database\Movie.odb' that is currently in use by another process
	at com.objectdb.o.MSG.a(MSG.java:64)
	at com.objectdb.o.LFL.J(LFL.java:930)
	at com.objectdb.o.LFL.x(LFL.java:887)
	at com.objectdb.o.LFL.x(LFL.java:797)
	at com.objectdb.o.DFL.<init>(DFL.java:241)
	at com.objectdb.o.DMG.<init>(DMG.java:27)
	at com.objectdb.o.MST.<init>(MST.java:127)
	at com.objectdb.o.MST.ao(MST.java:109)
	at com.objectdb.o.MSF.Y1(MSF.java:190)
	at com.objectdb.o.OMF.r(OMF.java:783)
	at com.objectdb.jpa.EMF.r(EMF.java:130)
	at com.objectdb.o.OMF.w(OMF.java:694)
	at com.objectdb.jpa.EMF.createEntityManager(EMF.java:149)
	... 17 more

------------------------------------------------------------------------------------------------------------------------

[2017-12-07 16:45:40 #1 store] 
Database 'C:\Users\PysiAz\Documents\movieBooking\MovieBookingFx\database\Movie.odb' is opened by 10524@DESKTOP-T4HM0FE

[2017-12-07 16:45:40 #2 store] 
Configuration path: C:\Users\PysiAz\Documents\movieBooking\objectdb\objectdb.conf

[2017-12-07 16:48:07 #3 store] 
Database 'C:\Users\PysiAz\Documents\movieBooking\MovieBookingFx\database\Movie.odb' is closed by 10524@DESKTOP-T4HM0FE

------------------------------------------------------------------------------------------------------------------------

[2017-12-07 16:56:51 #1 store] 
Database 'C:\Users\PysiAz\Documents\movieBooking\MovieBookingFx\database\Movie.odb' is opened by 8260@DESKTOP-T4HM0FE

[2017-12-07 16:56:51 #2 store] 
Configuration path: C:\Users\PysiAz\Documents\movieBooking\objectdb\objectdb.conf

[2017-12-07 16:58:12 #3 store] 
Database 'C:\Users\PysiAz\Documents\movieBooking\MovieBookingFx\database\Movie.odb' is closed by 8260@DESKTOP-T4HM0FE

------------------------------------------------------------------------------------------------------------------------

[2017-12-07 16:58:21 #1 store] 
Database 'C:\Users\PysiAz\Documents\movieBooking\MovieBookingFx\database\Movie.odb' is opened by 6052@DESKTOP-T4HM0FE

[2017-12-07 16:58:21 #2 store] 
Configuration path: C:\Users\PysiAz\Documents\movieBooking\objectdb\objectdb.conf

[2017-12-07 16:58:54 #3 store] 
Database 'C:\Users\PysiAz\Documents\movieBooking\MovieBookingFx\database\Movie.odb' is closed by 6052@DESKTOP-T4HM0FE

------------------------------------------------------------------------------------------------------------------------

[2017-12-07 17:40:03 #1 store] 
Database 'C:\Users\PysiAz\Documents\movieBooking\MovieBookingFx\database\Movie.odb' is opened by 8696@DESKTOP-T4HM0FE

[2017-12-07 17:40:03 #2 store] 
Configuration path: C:\Users\PysiAz\Documents\movieBooking\objectdb\objectdb.conf

[2017-12-07 17:40:33 #3 store] 
Database 'C:\Users\PysiAz\Documents\movieBooking\MovieBookingFx\database\Movie.odb' is closed by 8696@DESKTOP-T4HM0FE

------------------------------------------------------------------------------------------------------------------------

[2017-12-07 18:11:19 #1 store] 
Database 'C:\Users\PysiAz\Documents\movieBooking\MovieBookingFx\database\Movie.odb' is opened by 14836@DESKTOP-T4HM0FE

[2017-12-07 18:11:19 #2 store] 
Configuration path: C:\Users\PysiAz\Documents\movieBooking\objectdb\objectdb.conf

[2017-12-07 18:17:14 #3 store] 
Database 'C:\Users\PysiAz\Documents\movieBooking\MovieBookingFx\database\Movie.odb' is closed by 14836@DESKTOP-T4HM0FE

------------------------------------------------------------------------------------------------------------------------

[2017-12-07 19:03:56 #1 store] 
Database 'C:\Users\PysiAz\Documents\movieBooking\MovieBookingFx\database\Movie.odb' is opened by 12748@DESKTOP-T4HM0FE

[2017-12-07 19:03:56 #2 store] 
Configuration path: C:\Users\PysiAz\Documents\movieBooking\objectdb\objectdb.conf

[2017-12-07 19:04:04 #3 store] 
Database 'C:\Users\PysiAz\Documents\movieBooking\MovieBookingFx\database\Movie.odb' is closed by 12748@DESKTOP-T4HM0FE

------------------------------------------------------------------------------------------------------------------------

[2017-12-07 19:06:07 #1 store] 
Database 'C:\Users\PysiAz\Documents\movieBooking\MovieBookingFx\database\Movie.odb' is opened by 18052@DESKTOP-T4HM0FE

[2017-12-07 19:06:07 #2 store] 
Configuration path: C:\Users\PysiAz\Documents\movieBooking\objectdb\objectdb.conf

[2017-12-07 19:07:47 #3 store] 
Database 'C:\Users\PysiAz\Documents\movieBooking\MovieBookingFx\database\Movie.odb' is closed by 18052@DESKTOP-T4HM0FE

------------------------------------------------------------------------------------------------------------------------

[2017-12-07 19:42:21 #1 store] 
Database 'C:\Users\PysiAz\Documents\movieBooking\MovieBookingFx\database\Movie.odb' is opened by 4256@DESKTOP-T4HM0FE

[2017-12-07 19:42:21 #2 store] 
Configuration path: C:\Users\PysiAz\Documents\movieBooking\objectdb\objectdb.conf

[2017-12-07 19:55:10 #3 store] 
Database 'C:\Users\PysiAz\Documents\movieBooking\MovieBookingFx\database\Movie.odb' is closed by 4256@DESKTOP-T4HM0FE

