------------------------------------------------------------------------------------------------------------------------

[2017-12-11 05:39:09 #1 store] 
Database 'C:\Users\PysiAz\Documents\movieBooking\MovieBookingFx\database\Movie.odb' is opened by 3012@DESKTOP-T4HM0FE

[2017-12-11 05:39:09 #2 store] 
Configuration path: C:\Users\PysiAz\Documents\movieBooking\objectdb\objectdb.conf

[2017-12-11 05:39:51 #3 store] 
Database 'C:\Users\PysiAz\Documents\movieBooking\MovieBookingFx\database\Movie.odb' is closed by 3012@DESKTOP-T4HM0FE

------------------------------------------------------------------------------------------------------------------------

[2017-12-11 05:40:14 #1 store] 
Database 'C:\Users\PysiAz\Documents\movieBooking\MovieBookingFx\database\Movie.odb' is opened by 5616@DESKTOP-T4HM0FE

[2017-12-11 05:40:14 #2 store] 
Configuration path: C:\Users\PysiAz\Documents\movieBooking\objectdb\objectdb.conf

[2017-12-11 05:42:02 #3 store] 
Database 'C:\Users\PysiAz\Documents\movieBooking\MovieBookingFx\database\Movie.odb' is closed by 5616@DESKTOP-T4HM0FE

------------------------------------------------------------------------------------------------------------------------

[2017-12-11 05:53:57 #1 store] 
Database 'C:\Users\PysiAz\Documents\movieBooking\MovieBookingFx\database\Movie.odb' is opened by 3332@DESKTOP-T4HM0FE

[2017-12-11 05:53:57 #2 store] 
Configuration path: C:\Users\PysiAz\Documents\movieBooking\objectdb\objectdb.conf

[2017-12-11 05:57:06 #3 store] 
Database 'C:\Users\PysiAz\Documents\movieBooking\MovieBookingFx\database\Movie.odb' is closed by 3332@DESKTOP-T4HM0FE

------------------------------------------------------------------------------------------------------------------------

[2017-12-11 06:04:29 #1 store] 
Database 'C:\Users\PysiAz\Documents\movieBooking\MovieBookingFx\database\Movie.odb' is opened by 196@DESKTOP-T4HM0FE

[2017-12-11 06:04:29 #2 store] 
Configuration path: C:\Users\PysiAz\Documents\movieBooking\objectdb\objectdb.conf

[2017-12-11 06:22:06 #3 store] 
Database 'C:\Users\PysiAz\Documents\movieBooking\MovieBookingFx\database\Movie.odb' is closed by 196@DESKTOP-T4HM0FE

------------------------------------------------------------------------------------------------------------------------

[2017-12-11 06:23:52 #1 store] 
Database 'C:\Users\PysiAz\Documents\movieBooking\MovieBookingFx\database\Movie.odb' is opened by 10056@DESKTOP-T4HM0FE

[2017-12-11 06:23:52 #2 store] 
Configuration path: C:\Users\PysiAz\Documents\movieBooking\objectdb\objectdb.conf

[2017-12-11 06:24:18 #3 store] 
Database 'C:\Users\PysiAz\Documents\movieBooking\MovieBookingFx\database\Movie.odb' is closed by 10056@DESKTOP-T4HM0FE

------------------------------------------------------------------------------------------------------------------------

[2017-12-11 06:24:40 #1 store] 
Database 'C:\Users\PysiAz\Documents\movieBooking\MovieBookingFx\database\Movie.odb' is opened by 16812@DESKTOP-T4HM0FE

[2017-12-11 06:24:40 #2 store] 
Configuration path: C:\Users\PysiAz\Documents\movieBooking\objectdb\objectdb.conf

[2017-12-11 06:26:13 #3 store] 
Database 'C:\Users\PysiAz\Documents\movieBooking\MovieBookingFx\database\Movie.odb' is closed by 16812@DESKTOP-T4HM0FE

------------------------------------------------------------------------------------------------------------------------

[2017-12-11 06:27:06 #1 store] 
Database 'C:\Users\PysiAz\Documents\movieBooking\MovieBookingFx\database\Movie.odb' is opened by 12528@DESKTOP-T4HM0FE

[2017-12-11 06:27:06 #2 store] 
Configuration path: C:\Users\PysiAz\Documents\movieBooking\objectdb\objectdb.conf

[2017-12-11 06:28:40 #3 store] 
Database 'C:\Users\PysiAz\Documents\movieBooking\MovieBookingFx\database\Movie.odb' is closed by 12528@DESKTOP-T4HM0FE

------------------------------------------------------------------------------------------------------------------------

[2017-12-11 06:31:38 #1 store] 
Database 'C:\Users\PysiAz\Documents\movieBooking\MovieBookingFx\database\Movie.odb' is opened by 13272@DESKTOP-T4HM0FE

[2017-12-11 06:31:38 #2 store] 
Configuration path: C:\Users\PysiAz\Documents\movieBooking\objectdb\objectdb.conf

[2017-12-11 06:34:48 #3 store] 
Database 'C:\Users\PysiAz\Documents\movieBooking\MovieBookingFx\database\Movie.odb' is closed by 13272@DESKTOP-T4HM0FE

------------------------------------------------------------------------------------------------------------------------

[2017-12-11 06:51:59 #1 store] 
Database 'C:\Users\PysiAz\Documents\movieBooking\MovieBookingFx\database\Movie.odb' is opened by 5152@DESKTOP-T4HM0FE

[2017-12-11 06:51:59 #2 store] 
Configuration path: C:\Users\PysiAz\Documents\movieBooking\objectdb\objectdb.conf

[2017-12-11 06:53:41 #3 store] 
Database 'C:\Users\PysiAz\Documents\movieBooking\MovieBookingFx\database\Movie.odb' is closed by 5152@DESKTOP-T4HM0FE

------------------------------------------------------------------------------------------------------------------------

[2017-12-11 06:56:31 #1 store] 
Database 'C:\Users\PysiAz\Documents\movieBooking\MovieBookingFx\database\Movie.odb' is opened by 11012@DESKTOP-T4HM0FE

[2017-12-11 06:56:31 #2 store] 
Configuration path: C:\Users\PysiAz\Documents\movieBooking\objectdb\objectdb.conf

[2017-12-11 06:57:13 #3 store] 
Database 'C:\Users\PysiAz\Documents\movieBooking\MovieBookingFx\database\Movie.odb' is closed by 11012@DESKTOP-T4HM0FE

------------------------------------------------------------------------------------------------------------------------

[2017-12-11 07:42:25 #1 store] 
Database 'C:\Users\PysiAz\Documents\movieBooking\MovieBookingFx\database\Movie.odb' is opened by 3892@DESKTOP-T4HM0FE

[2017-12-11 07:42:25 #2 store] 
Configuration path: C:\Users\PysiAz\Documents\movieBooking\objectdb\objectdb.conf

[2017-12-11 07:42:42 #3 store] 
Database 'C:\Users\PysiAz\Documents\movieBooking\MovieBookingFx\database\Movie.odb' is closed by 3892@DESKTOP-T4HM0FE

------------------------------------------------------------------------------------------------------------------------

[2017-12-11 14:25:22 #1 store] 
Database 'C:\Users\PysiAz\Documents\movieBooking\MovieBookingFx\database\Movie.odb' is opened by 11796@DESKTOP-T4HM0FE

[2017-12-11 14:25:22 #2 store] 
Configuration path: C:\Users\PysiAz\Documents\movieBooking\objectdb\objectdb.conf

[2017-12-11 14:29:01 #3 store] 
Database 'C:\Users\PysiAz\Documents\movieBooking\MovieBookingFx\database\Movie.odb' is closed by 11796@DESKTOP-T4HM0FE

------------------------------------------------------------------------------------------------------------------------

[2017-12-11 14:29:59 #1 store] 
Database 'C:\Users\PysiAz\Documents\movieBooking\MovieBookingFx\database\Movie.odb' is opened by 10904@DESKTOP-T4HM0FE

[2017-12-11 14:29:59 #2 store] 
Configuration path: C:\Users\PysiAz\Documents\movieBooking\objectdb\objectdb.conf

[2017-12-11 14:31:50 #3 store] 
Database 'C:\Users\PysiAz\Documents\movieBooking\MovieBookingFx\database\Movie.odb' is closed by 10904@DESKTOP-T4HM0FE

------------------------------------------------------------------------------------------------------------------------

[2017-12-11 14:53:54 #1 store] 
Database 'C:\Users\PysiAz\Documents\movieBooking\MovieBookingFx\database\Movie.odb' is opened by 8512@DESKTOP-T4HM0FE

[2017-12-11 14:53:54 #2 store] 
Configuration path: C:\Users\PysiAz\Documents\movieBooking\objectdb\objectdb.conf

[2017-12-11 14:55:23 #3 store] 
Database 'C:\Users\PysiAz\Documents\movieBooking\MovieBookingFx\database\Movie.odb' is closed by 8512@DESKTOP-T4HM0FE

------------------------------------------------------------------------------------------------------------------------

[2017-12-11 14:59:45 #1 explorer] 
[ObjectDB 2.7.2_08] javax.persistence.PersistenceException
Attempt to open a database file 'C:\Users\PysiAz\Documents\movieBooking\MovieBookingFx\database\Movie.odb' that is currently in use by another process (error 141)
	at com.objectdb.Explorer$1.run(Explorer.java:57)
	at java.awt.event.InvocationEvent.dispatch(Unknown Source)
	at java.awt.EventQueue.dispatchEventImpl(Unknown Source)
	at java.awt.EventQueue.access$500(Unknown Source)
	at java.awt.EventQueue$3.run(Unknown Source)
	at java.awt.EventQueue$3.run(Unknown Source)
	at java.security.AccessController.doPrivileged(Native Method)
	at java.security.ProtectionDomain$JavaSecurityAccessImpl.doIntersectionPrivilege(Unknown Source)
	at java.awt.EventQueue.dispatchEvent(Unknown Source)
	at java.awt.EventDispatchThread.pumpOneEventForFilters(Unknown Source)
	at java.awt.EventDispatchThread.pumpEventsForFilter(Unknown Source)
	at java.awt.EventDispatchThread.pumpEventsForHierarchy(Unknown Source)
	at java.awt.EventDispatchThread.pumpEvents(Unknown Source)
	at java.awt.EventDispatchThread.pumpEvents(Unknown Source)
	at java.awt.EventDispatchThread.run(Unknown Source)
Caused by: com.objectdb.o.UserException: Attempt to open a database file 'C:\Users\PysiAz\Documents\movieBooking\MovieBookingFx\database\Movie.odb' that is currently in use by another process
	at com.objectdb.o.MSG.a(MSG.java:64)
	at com.objectdb.o.LFL.J(LFL.java:930)
	at com.objectdb.o.LFL.x(LFL.java:887)
	at com.objectdb.o.LFL.x(LFL.java:797)
	at com.objectdb.o.DFL.<init>(DFL.java:241)
	at com.objectdb.o.DMG.<init>(DMG.java:27)
	at com.objectdb.o.MST.<init>(MST.java:127)
	at com.objectdb.o.MST.ao(MST.java:109)
	at com.objectdb.o.MSF.Y1(MSF.java:190)
	at com.objectdb.o.OMF.r(OMF.java:783)
	at com.objectdb.jpa.EMF.r(EMF.java:130)
	at com.objectdb.o.OMF.w(OMF.java:694)
	at com.objectdb.jpa.EMF.createEntityManager(EMF.java:149)
	... 17 more

------------------------------------------------------------------------------------------------------------------------

[2017-12-11 15:00:21 #1 store] 
Database 'C:\Users\PysiAz\Documents\movieBooking\MovieBookingFx\database\Movie.odb' is opened by 5540@DESKTOP-T4HM0FE

[2017-12-11 15:00:21 #2 store] 
Configuration path: C:\Users\PysiAz\Documents\movieBooking\objectdb\objectdb.conf

[2017-12-11 15:01:10 #3 store] 
Database 'C:\Users\PysiAz\Documents\movieBooking\MovieBookingFx\database\Movie.odb' is closed by 5540@DESKTOP-T4HM0FE

------------------------------------------------------------------------------------------------------------------------

[2017-12-11 15:11:23 #1 store] 
Database 'C:\Users\PysiAz\Documents\movieBooking\MovieBookingFx\database\Movie.odb' is opened by 2248@DESKTOP-T4HM0FE

[2017-12-11 15:11:23 #2 store] 
Configuration path: C:\Users\PysiAz\Documents\movieBooking\objectdb\objectdb.conf

[2017-12-11 15:14:14 #3 store] 
Database 'C:\Users\PysiAz\Documents\movieBooking\MovieBookingFx\database\Movie.odb' is closed by 2248@DESKTOP-T4HM0FE

------------------------------------------------------------------------------------------------------------------------

[2017-12-11 15:25:00 #1 store] 
Database 'C:\Users\PysiAz\Documents\movieBooking\MovieBookingFx\database\Movie.odb' is opened by 12744@DESKTOP-T4HM0FE

[2017-12-11 15:25:00 #2 store] 
Configuration path: C:\Users\PysiAz\Documents\movieBooking\objectdb\objectdb.conf

[2017-12-11 15:28:00 #3 store] 
Database 'C:\Users\PysiAz\Documents\movieBooking\MovieBookingFx\database\Movie.odb' is closed by 12744@DESKTOP-T4HM0FE

------------------------------------------------------------------------------------------------------------------------

[2017-12-11 15:39:24 #1 store] 
Database 'C:\Users\PysiAz\Documents\movieBooking\MovieBookingFx\database\Movie.odb' is opened by 12988@DESKTOP-T4HM0FE

[2017-12-11 15:39:24 #2 store] 
Configuration path: C:\Users\PysiAz\Documents\movieBooking\objectdb\objectdb.conf

[2017-12-11 15:44:08 #3 store] 
Database 'C:\Users\PysiAz\Documents\movieBooking\MovieBookingFx\database\Movie.odb' is closed by 12988@DESKTOP-T4HM0FE

