------------------------------------------------------------------------------------------------------------------------

[2560-12-10 01:09:06 #1 store] 
Database 'C:\Users\Sivakorn\Documents\GitHub\MovieBooking\MovieBookingFx\database\Movie.odb' is opened by 7532@DESKTOP-R5U8ELA

[2560-12-10 01:09:06 #2 store] 
Configuration path: C:\Users\Sivakorn\Documents\GitHub\MovieBooking\objectdb\objectdb.conf

[2560-12-10 01:29:51 #3 store] 
Database 'C:\Users\Sivakorn\Documents\GitHub\MovieBooking\MovieBookingFx\database\Movie.odb' is closed by 7532@DESKTOP-R5U8ELA

------------------------------------------------------------------------------------------------------------------------

[2560-12-10 06:22:20 #1 store] 
Database 'C:\Users\Sivakorn\Documents\GitHub\MovieBooking\MovieBookingFx\database\Movie.odb' is opened by 10248@DESKTOP-R5U8ELA

[2560-12-10 06:22:20 #2 store] 
Configuration path: C:\Users\Sivakorn\Documents\GitHub\MovieBooking\objectdb\objectdb.conf

[2560-12-10 06:22:25 #3 store] 
Database 'C:\Users\Sivakorn\Documents\GitHub\MovieBooking\MovieBookingFx\database\Movie.odb' is closed by 10248@DESKTOP-R5U8ELA

------------------------------------------------------------------------------------------------------------------------

[2560-12-10 06:31:00 #1 store] 
Database 'C:\Users\Sivakorn\Documents\GitHub\MovieBooking\MovieBookingFx\database\Movie.odb' has been recovered (tr. 56-56)

[2560-12-10 06:31:00 #2 store] 
Database 'C:\Users\Sivakorn\Documents\GitHub\MovieBooking\MovieBookingFx\database\Movie.odb' is opened by 11920@DESKTOP-R5U8ELA

[2560-12-10 06:31:00 #3 store] 
Configuration path: C:\Users\Sivakorn\Documents\GitHub\MovieBooking\objectdb\objectdb.conf

[2560-12-10 06:31:49 #4 store] 
Database 'C:\Users\Sivakorn\Documents\GitHub\MovieBooking\MovieBookingFx\database\Movie.odb' is closed by 11920@DESKTOP-R5U8ELA

------------------------------------------------------------------------------------------------------------------------

[2560-12-10 06:32:11 #1 store] 
Database 'C:\Users\Sivakorn\Documents\GitHub\MovieBooking\MovieBookingFx\database\Movie.odb' has been recovered (tr. 57-57)

[2560-12-10 06:32:11 #2 store] 
Database 'C:\Users\Sivakorn\Documents\GitHub\MovieBooking\MovieBookingFx\database\Movie.odb' is opened by 9408@DESKTOP-R5U8ELA

[2560-12-10 06:32:11 #3 store] 
Configuration path: C:\Users\Sivakorn\Documents\GitHub\MovieBooking\objectdb\objectdb.conf

[2560-12-10 06:32:40 #4 store] 
Database 'C:\Users\Sivakorn\Documents\GitHub\MovieBooking\MovieBookingFx\database\Movie.odb' is closed by 9408@DESKTOP-R5U8ELA

------------------------------------------------------------------------------------------------------------------------

[2560-12-10 06:33:32 #1 store] 
Database 'C:\Users\Sivakorn\Documents\GitHub\MovieBooking\MovieBookingFx\database\Movie.odb' is opened by 8980@DESKTOP-R5U8ELA

[2560-12-10 06:33:32 #2 store] 
Configuration path: C:\Users\Sivakorn\Documents\GitHub\MovieBooking\objectdb\objectdb.conf

[2560-12-10 06:33:43 #3 store] 
Database 'C:\Users\Sivakorn\Documents\GitHub\MovieBooking\MovieBookingFx\database\Movie.odb' is closed by 8980@DESKTOP-R5U8ELA

------------------------------------------------------------------------------------------------------------------------

[2560-12-10 06:34:51 #1 store] 
Database 'C:\Users\Sivakorn\Documents\GitHub\MovieBooking\MovieBookingFx\database\Movie.odb' has been recovered (tr. 56-56)

[2560-12-10 06:34:51 #2 store] 
Database 'C:\Users\Sivakorn\Documents\GitHub\MovieBooking\MovieBookingFx\database\Movie.odb' is opened by 2864@DESKTOP-R5U8ELA

[2560-12-10 06:34:51 #3 store] 
Configuration path: C:\Users\Sivakorn\Documents\GitHub\MovieBooking\objectdb\objectdb.conf

[2560-12-10 06:35:04 #4 store] 
Database 'C:\Users\Sivakorn\Documents\GitHub\MovieBooking\MovieBookingFx\database\Movie.odb' is closed by 2864@DESKTOP-R5U8ELA

------------------------------------------------------------------------------------------------------------------------

[2560-12-10 06:36:49 #1 store] 
Database 'C:\Users\Sivakorn\Documents\GitHub\MovieBooking\MovieBookingFx\database\Movie.odb' has been recovered (tr. 59-59)

[2560-12-10 06:36:49 #2 store] 
Database 'C:\Users\Sivakorn\Documents\GitHub\MovieBooking\MovieBookingFx\database\Movie.odb' is opened by 3716@DESKTOP-R5U8ELA

[2560-12-10 06:36:49 #3 store] 
Configuration path: C:\Users\Sivakorn\Documents\GitHub\MovieBooking\objectdb\objectdb.conf

[2560-12-10 06:37:02 #4 store] 
Database 'C:\Users\Sivakorn\Documents\GitHub\MovieBooking\MovieBookingFx\database\Movie.odb' is closed by 3716@DESKTOP-R5U8ELA

------------------------------------------------------------------------------------------------------------------------

[2560-12-10 06:44:56 #1 store] 
Database 'C:\Users\Sivakorn\Documents\GitHub\MovieBooking\MovieBookingFx\database\Movie.odb' has been recovered (tr. 56-56)

[2560-12-10 06:44:56 #2 store] 
Database 'C:\Users\Sivakorn\Documents\GitHub\MovieBooking\MovieBookingFx\database\Movie.odb' is opened by 8996@DESKTOP-R5U8ELA

[2560-12-10 06:44:56 #3 store] 
Configuration path: C:\Users\Sivakorn\Documents\GitHub\MovieBooking\objectdb\objectdb.conf

[2560-12-10 06:45:07 #4 store] 
Database 'C:\Users\Sivakorn\Documents\GitHub\MovieBooking\MovieBookingFx\database\Movie.odb' is closed by 8996@DESKTOP-R5U8ELA

------------------------------------------------------------------------------------------------------------------------

[2560-12-10 06:48:18 #1 store] 
Database 'C:\Users\Sivakorn\Documents\GitHub\MovieBooking\MovieBookingFx\database\Movie.odb' is opened by 11160@DESKTOP-R5U8ELA

[2560-12-10 06:48:18 #2 store] 
Configuration path: C:\Users\Sivakorn\Documents\GitHub\MovieBooking\objectdb\objectdb.conf

[2560-12-10 06:48:27 #3 store] 
Database 'C:\Users\Sivakorn\Documents\GitHub\MovieBooking\MovieBookingFx\database\Movie.odb' is closed by 11160@DESKTOP-R5U8ELA

------------------------------------------------------------------------------------------------------------------------

[2560-12-10 06:54:30 #1 store] 
Database 'C:\Users\Sivakorn\Documents\GitHub\MovieBooking\MovieBookingFx\database\Movie.odb' is opened by 15028@DESKTOP-R5U8ELA

[2560-12-10 06:54:30 #2 store] 
Configuration path: C:\Users\Sivakorn\Documents\GitHub\MovieBooking\objectdb\objectdb.conf

[2560-12-10 06:54:57 #3 store] 
Database 'C:\Users\Sivakorn\Documents\GitHub\MovieBooking\MovieBookingFx\database\Movie.odb' is closed by 15028@DESKTOP-R5U8ELA

------------------------------------------------------------------------------------------------------------------------

[2560-12-10 06:58:29 #1 store] 
Database 'C:\Users\Sivakorn\Documents\GitHub\MovieBooking\MovieBookingFx\database\Movie.odb' has been recovered (tr. 58-58)

[2560-12-10 06:58:29 #2 store] 
Database 'C:\Users\Sivakorn\Documents\GitHub\MovieBooking\MovieBookingFx\database\Movie.odb' is opened by 13352@DESKTOP-R5U8ELA

[2560-12-10 06:58:29 #3 store] 
Configuration path: C:\Users\Sivakorn\Documents\GitHub\MovieBooking\objectdb\objectdb.conf

[2560-12-10 06:58:40 #4 store] 
Database 'C:\Users\Sivakorn\Documents\GitHub\MovieBooking\MovieBookingFx\database\Movie.odb' is closed by 13352@DESKTOP-R5U8ELA

------------------------------------------------------------------------------------------------------------------------

[2560-12-10 06:59:13 #1 store] 
Database 'C:\Users\Sivakorn\Documents\GitHub\MovieBooking\MovieBookingFx\database\Movie.odb' has been recovered (tr. 59-59)

[2560-12-10 06:59:13 #2 store] 
Database 'C:\Users\Sivakorn\Documents\GitHub\MovieBooking\MovieBookingFx\database\Movie.odb' is opened by 5408@DESKTOP-R5U8ELA

[2560-12-10 06:59:13 #3 store] 
Configuration path: C:\Users\Sivakorn\Documents\GitHub\MovieBooking\objectdb\objectdb.conf

[2560-12-10 06:59:33 #4 store] 
Database 'C:\Users\Sivakorn\Documents\GitHub\MovieBooking\MovieBookingFx\database\Movie.odb' is closed by 5408@DESKTOP-R5U8ELA

------------------------------------------------------------------------------------------------------------------------

[2560-12-10 07:00:18 #1 store] 
Database 'C:\Users\Sivakorn\Documents\GitHub\MovieBooking\MovieBookingFx\database\Movie.odb' has been recovered (tr. 61-61)

[2560-12-10 07:00:18 #2 store] 
Database 'C:\Users\Sivakorn\Documents\GitHub\MovieBooking\MovieBookingFx\database\Movie.odb' is opened by 6692@DESKTOP-R5U8ELA

[2560-12-10 07:00:18 #3 store] 
Configuration path: C:\Users\Sivakorn\Documents\GitHub\MovieBooking\objectdb\objectdb.conf

[2560-12-10 07:00:25 #4 store] 
Database 'C:\Users\Sivakorn\Documents\GitHub\MovieBooking\MovieBookingFx\database\Movie.odb' is closed by 6692@DESKTOP-R5U8ELA

------------------------------------------------------------------------------------------------------------------------

[2560-12-10 07:01:26 #1 store] 
Database 'C:\Users\Sivakorn\Documents\GitHub\MovieBooking\MovieBookingFx\database\Movie.odb' has been recovered (tr. 56-56)

[2560-12-10 07:01:26 #2 store] 
Database 'C:\Users\Sivakorn\Documents\GitHub\MovieBooking\MovieBookingFx\database\Movie.odb' is opened by 11440@DESKTOP-R5U8ELA

[2560-12-10 07:01:26 #3 store] 
Configuration path: C:\Users\Sivakorn\Documents\GitHub\MovieBooking\objectdb\objectdb.conf

[2560-12-10 07:01:28 #4 object.inverse] 
Too many results for inverse field (2)

[2560-12-10 07:01:28 #5 object.inverse] 
Too many results for inverse field (2)

[2560-12-10 07:01:28 #6 object.inverse] 
Too many results for inverse field (2)

[2560-12-10 07:01:28 #7 object.inverse] 
Too many results for inverse field (2)

[2560-12-10 07:01:43 #8 store] 
Database 'C:\Users\Sivakorn\Documents\GitHub\MovieBooking\MovieBookingFx\database\Movie.odb' is closed by 11440@DESKTOP-R5U8ELA

------------------------------------------------------------------------------------------------------------------------

[2560-12-10 07:02:13 #1 store] 
Database 'C:\Users\Sivakorn\Documents\GitHub\MovieBooking\MovieBookingFx\database\Movie.odb' has been recovered (tr. 57-57)

[2560-12-10 07:02:13 #2 store] 
Database 'C:\Users\Sivakorn\Documents\GitHub\MovieBooking\MovieBookingFx\database\Movie.odb' is opened by 7372@DESKTOP-R5U8ELA

[2560-12-10 07:02:13 #3 store] 
Configuration path: C:\Users\Sivakorn\Documents\GitHub\MovieBooking\objectdb\objectdb.conf

[2560-12-10 07:02:15 #4 object.inverse] 
Too many results for inverse field (3)

[2560-12-10 07:02:15 #5 object.inverse] 
Too many results for inverse field (3)

[2560-12-10 07:02:15 #6 object.inverse] 
Too many results for inverse field (3)

[2560-12-10 07:02:15 #7 object.inverse] 
Too many results for inverse field (3)

[2560-12-10 07:02:22 #8 store] 
Database 'C:\Users\Sivakorn\Documents\GitHub\MovieBooking\MovieBookingFx\database\Movie.odb' is closed by 7372@DESKTOP-R5U8ELA

------------------------------------------------------------------------------------------------------------------------

[2560-12-10 07:13:21 #1 store] 
Database 'C:\Users\Sivakorn\Documents\GitHub\MovieBooking\MovieBookingFx\database\Movie.odb' has been recovered (tr. 57-57)

[2560-12-10 07:13:21 #2 store] 
Database 'C:\Users\Sivakorn\Documents\GitHub\MovieBooking\MovieBookingFx\database\Movie.odb' is opened by 10568@DESKTOP-R5U8ELA

[2560-12-10 07:13:21 #3 store] 
Configuration path: C:\Users\Sivakorn\Documents\GitHub\MovieBooking\objectdb\objectdb.conf

[2560-12-10 07:13:40 #4 store] 
Database 'C:\Users\Sivakorn\Documents\GitHub\MovieBooking\MovieBookingFx\database\Movie.odb' is closed by 10568@DESKTOP-R5U8ELA

------------------------------------------------------------------------------------------------------------------------

[2560-12-10 07:18:53 #1 store] 
Database 'C:\Users\Sivakorn\Documents\GitHub\MovieBooking\MovieBookingFx\database\Movie.odb' has been recovered (tr. 58-58)

[2560-12-10 07:18:53 #2 store] 
Database 'C:\Users\Sivakorn\Documents\GitHub\MovieBooking\MovieBookingFx\database\Movie.odb' is opened by 8052@DESKTOP-R5U8ELA

[2560-12-10 07:18:53 #3 store] 
Configuration path: C:\Users\Sivakorn\Documents\GitHub\MovieBooking\objectdb\objectdb.conf

[2560-12-10 07:19:03 #4 store] 
Database 'C:\Users\Sivakorn\Documents\GitHub\MovieBooking\MovieBookingFx\database\Movie.odb' is closed by 8052@DESKTOP-R5U8ELA

------------------------------------------------------------------------------------------------------------------------

[2560-12-10 07:22:59 #1 store] 
Database 'C:\Users\Sivakorn\Documents\GitHub\MovieBooking\MovieBookingFx\database\Movie.odb' has been recovered (tr. 59-59)

[2560-12-10 07:23:00 #2 store] 
Database 'C:\Users\Sivakorn\Documents\GitHub\MovieBooking\MovieBookingFx\database\Movie.odb' is opened by 13324@DESKTOP-R5U8ELA

[2560-12-10 07:23:00 #3 store] 
Configuration path: C:\Users\Sivakorn\Documents\GitHub\MovieBooking\objectdb\objectdb.conf

[2560-12-10 07:23:09 #4 store] 
Database 'C:\Users\Sivakorn\Documents\GitHub\MovieBooking\MovieBookingFx\database\Movie.odb' is closed by 13324@DESKTOP-R5U8ELA

------------------------------------------------------------------------------------------------------------------------

[2560-12-10 07:28:09 #1 explorer] 
[ObjectDB 2.7.2_08] javax.persistence.PersistenceException
Attempt to open a database file 'C:\Users\Sivakorn\Documents\GitHub\MovieBooking\MovieBookingFx\database\Movie.odb' that is currently in use by another process (error 141)
	at com.objectdb.Explorer$1.run(Explorer.java:57)
	at java.desktop/java.awt.event.InvocationEvent.dispatch(Unknown Source)
	at java.desktop/java.awt.EventQueue.dispatchEventImpl(Unknown Source)
	at java.desktop/java.awt.EventQueue.access$500(Unknown Source)
	at java.desktop/java.awt.EventQueue$3.run(Unknown Source)
	at java.desktop/java.awt.EventQueue$3.run(Unknown Source)
	at java.base/java.security.AccessController.doPrivileged(Native Method)
	at java.base/java.security.ProtectionDomain$JavaSecurityAccessImpl.doIntersectionPrivilege(Unknown Source)
	at java.desktop/java.awt.EventQueue.dispatchEvent(Unknown Source)
	at java.desktop/java.awt.EventDispatchThread.pumpOneEventForFilters(Unknown Source)
	at java.desktop/java.awt.EventDispatchThread.pumpEventsForFilter(Unknown Source)
	at java.desktop/java.awt.EventDispatchThread.pumpEventsForHierarchy(Unknown Source)
	at java.desktop/java.awt.EventDispatchThread.pumpEvents(Unknown Source)
	at java.desktop/java.awt.EventDispatchThread.pumpEvents(Unknown Source)
	at java.desktop/java.awt.EventDispatchThread.run(Unknown Source)
Caused by: com.objectdb.o.UserException: Attempt to open a database file 'C:\Users\Sivakorn\Documents\GitHub\MovieBooking\MovieBookingFx\database\Movie.odb' that is currently in use by another process
	at com.objectdb.o.MSG.a(MSG.java:64)
	at com.objectdb.o.LFL.J(LFL.java:930)
	at com.objectdb.o.LFL.x(LFL.java:887)
	at com.objectdb.o.LFL.x(LFL.java:797)
	at com.objectdb.o.DFL.<init>(DFL.java:241)
	at com.objectdb.o.DMG.<init>(DMG.java:27)
	at com.objectdb.o.MST.<init>(MST.java:127)
	at com.objectdb.o.MST.ao(MST.java:109)
	at com.objectdb.o.MSF.Y1(MSF.java:190)
	at com.objectdb.o.OMF.r(OMF.java:783)
	at com.objectdb.jpa.EMF.r(EMF.java:130)
	at com.objectdb.o.OMF.w(OMF.java:694)
	at com.objectdb.jpa.EMF.createEntityManager(EMF.java:149)
	... 17 more

------------------------------------------------------------------------------------------------------------------------

[2560-12-10 07:28:11 #1 store] 
Database 'C:\Users\Sivakorn\Documents\GitHub\MovieBooking\MovieBookingFx\database\Movie.odb' has been recovered (tr. 57-57)

[2560-12-10 07:28:11 #2 store] 
Database 'C:\Users\Sivakorn\Documents\GitHub\MovieBooking\MovieBookingFx\database\Movie.odb' is opened by 1356@DESKTOP-R5U8ELA

[2560-12-10 07:28:11 #3 store] 
Configuration path: C:\Users\Sivakorn\Documents\GitHub\MovieBooking\objectdb\objectdb.conf

[2560-12-10 07:28:29 #4 store] 
Database 'C:\Users\Sivakorn\Documents\GitHub\MovieBooking\MovieBookingFx\database\Movie.odb' is closed by 1356@DESKTOP-R5U8ELA

------------------------------------------------------------------------------------------------------------------------

[2560-12-10 07:40:26 #1 store] 
Database 'C:\Users\Sivakorn\Documents\GitHub\MovieBooking\MovieBookingFx\database\Movie.odb' has been recovered (tr. 57-57)

[2560-12-10 07:40:26 #2 store] 
Database 'C:\Users\Sivakorn\Documents\GitHub\MovieBooking\MovieBookingFx\database\Movie.odb' is opened by 7304@DESKTOP-R5U8ELA

[2560-12-10 07:40:26 #3 store] 
Configuration path: C:\Users\Sivakorn\Documents\GitHub\MovieBooking\objectdb\objectdb.conf

[2560-12-10 07:41:41 #4 store] 
Database 'C:\Users\Sivakorn\Documents\GitHub\MovieBooking\MovieBookingFx\database\Movie.odb' is closed by 7304@DESKTOP-R5U8ELA

------------------------------------------------------------------------------------------------------------------------

[2560-12-10 07:45:24 #1 explorer] 
[ObjectDB 2.7.2_08] javax.persistence.PersistenceException
Attempt to open a database file 'C:\Users\Sivakorn\Documents\GitHub\MovieBooking\MovieBookingFx\database\Movie.odb' that is currently in use by another process (error 141)
	at com.objectdb.Explorer$1.run(Explorer.java:57)
	at java.desktop/java.awt.event.InvocationEvent.dispatch(Unknown Source)
	at java.desktop/java.awt.EventQueue.dispatchEventImpl(Unknown Source)
	at java.desktop/java.awt.EventQueue.access$500(Unknown Source)
	at java.desktop/java.awt.EventQueue$3.run(Unknown Source)
	at java.desktop/java.awt.EventQueue$3.run(Unknown Source)
	at java.base/java.security.AccessController.doPrivileged(Native Method)
	at java.base/java.security.ProtectionDomain$JavaSecurityAccessImpl.doIntersectionPrivilege(Unknown Source)
	at java.desktop/java.awt.EventQueue.dispatchEvent(Unknown Source)
	at java.desktop/java.awt.EventDispatchThread.pumpOneEventForFilters(Unknown Source)
	at java.desktop/java.awt.EventDispatchThread.pumpEventsForFilter(Unknown Source)
	at java.desktop/java.awt.EventDispatchThread.pumpEventsForHierarchy(Unknown Source)
	at java.desktop/java.awt.EventDispatchThread.pumpEvents(Unknown Source)
	at java.desktop/java.awt.EventDispatchThread.pumpEvents(Unknown Source)
	at java.desktop/java.awt.EventDispatchThread.run(Unknown Source)
Caused by: com.objectdb.o.UserException: Attempt to open a database file 'C:\Users\Sivakorn\Documents\GitHub\MovieBooking\MovieBookingFx\database\Movie.odb' that is currently in use by another process
	at com.objectdb.o.MSG.a(MSG.java:64)
	at com.objectdb.o.LFL.J(LFL.java:930)
	at com.objectdb.o.LFL.x(LFL.java:887)
	at com.objectdb.o.LFL.x(LFL.java:797)
	at com.objectdb.o.DFL.<init>(DFL.java:241)
	at com.objectdb.o.DMG.<init>(DMG.java:27)
	at com.objectdb.o.MST.<init>(MST.java:127)
	at com.objectdb.o.MST.ao(MST.java:109)
	at com.objectdb.o.MSF.Y1(MSF.java:190)
	at com.objectdb.o.OMF.r(OMF.java:783)
	at com.objectdb.jpa.EMF.r(EMF.java:130)
	at com.objectdb.o.OMF.w(OMF.java:694)
	at com.objectdb.jpa.EMF.createEntityManager(EMF.java:149)
	... 17 more

------------------------------------------------------------------------------------------------------------------------

[2560-12-10 07:45:29 #1 explorer] 
[ObjectDB 2.7.2_08] javax.persistence.PersistenceException
Attempt to open a database file 'C:\Users\Sivakorn\Documents\GitHub\MovieBooking\MovieBookingFx\database\Movie.odb' that is currently in use by another process (error 141)
	at com.objectdb.Explorer$1.run(Explorer.java:57)
	at java.desktop/java.awt.event.InvocationEvent.dispatch(Unknown Source)
	at java.desktop/java.awt.EventQueue.dispatchEventImpl(Unknown Source)
	at java.desktop/java.awt.EventQueue.access$500(Unknown Source)
	at java.desktop/java.awt.EventQueue$3.run(Unknown Source)
	at java.desktop/java.awt.EventQueue$3.run(Unknown Source)
	at java.base/java.security.AccessController.doPrivileged(Native Method)
	at java.base/java.security.ProtectionDomain$JavaSecurityAccessImpl.doIntersectionPrivilege(Unknown Source)
	at java.desktop/java.awt.EventQueue.dispatchEvent(Unknown Source)
	at java.desktop/java.awt.EventDispatchThread.pumpOneEventForFilters(Unknown Source)
	at java.desktop/java.awt.EventDispatchThread.pumpEventsForFilter(Unknown Source)
	at java.desktop/java.awt.EventDispatchThread.pumpEventsForHierarchy(Unknown Source)
	at java.desktop/java.awt.EventDispatchThread.pumpEvents(Unknown Source)
	at java.desktop/java.awt.EventDispatchThread.pumpEvents(Unknown Source)
	at java.desktop/java.awt.EventDispatchThread.run(Unknown Source)
Caused by: com.objectdb.o.UserException: Attempt to open a database file 'C:\Users\Sivakorn\Documents\GitHub\MovieBooking\MovieBookingFx\database\Movie.odb' that is currently in use by another process
	at com.objectdb.o.MSG.a(MSG.java:64)
	at com.objectdb.o.LFL.J(LFL.java:930)
	at com.objectdb.o.LFL.x(LFL.java:887)
	at com.objectdb.o.LFL.x(LFL.java:797)
	at com.objectdb.o.DFL.<init>(DFL.java:241)
	at com.objectdb.o.DMG.<init>(DMG.java:27)
	at com.objectdb.o.MST.<init>(MST.java:127)
	at com.objectdb.o.MST.ao(MST.java:109)
	at com.objectdb.o.MSF.Y1(MSF.java:190)
	at com.objectdb.o.OMF.r(OMF.java:783)
	at com.objectdb.jpa.EMF.r(EMF.java:130)
	at com.objectdb.o.OMF.w(OMF.java:694)
	at com.objectdb.jpa.EMF.createEntityManager(EMF.java:149)
	... 17 more

------------------------------------------------------------------------------------------------------------------------

[2560-12-10 07:45:34 #1 store] 
Database 'C:\Users\Sivakorn\Documents\GitHub\MovieBooking\MovieBookingFx\database\Movie.odb' has been recovered (tr. 57-57)

[2560-12-10 07:45:34 #2 store] 
Database 'C:\Users\Sivakorn\Documents\GitHub\MovieBooking\MovieBookingFx\database\Movie.odb' is opened by 6952@DESKTOP-R5U8ELA

[2560-12-10 07:45:34 #3 store] 
Configuration path: C:\Users\Sivakorn\Documents\GitHub\MovieBooking\objectdb\objectdb.conf

[2560-12-10 07:45:41 #4 store] 
Database 'C:\Users\Sivakorn\Documents\GitHub\MovieBooking\MovieBookingFx\database\Movie.odb' is closed by 6952@DESKTOP-R5U8ELA

------------------------------------------------------------------------------------------------------------------------

[2560-12-10 07:49:18 #1 store] 
Database 'C:\Users\Sivakorn\Documents\GitHub\MovieBooking\MovieBookingFx\database\Movie.odb' has been recovered (tr. 57-57)

[2560-12-10 07:49:18 #2 store] 
Database 'C:\Users\Sivakorn\Documents\GitHub\MovieBooking\MovieBookingFx\database\Movie.odb' is opened by 2024@DESKTOP-R5U8ELA

[2560-12-10 07:49:18 #3 store] 
Configuration path: C:\Users\Sivakorn\Documents\GitHub\MovieBooking\objectdb\objectdb.conf

[2560-12-10 07:49:22 #4 store] 
Database 'C:\Users\Sivakorn\Documents\GitHub\MovieBooking\MovieBookingFx\database\Movie.odb' is closed by 2024@DESKTOP-R5U8ELA

------------------------------------------------------------------------------------------------------------------------

[2560-12-10 07:50:43 #1 store] 
Database 'C:\Users\Sivakorn\Documents\GitHub\MovieBooking\MovieBookingFx\database\Movie.odb' has been recovered (tr. 57-57)

[2560-12-10 07:50:43 #2 store] 
Database 'C:\Users\Sivakorn\Documents\GitHub\MovieBooking\MovieBookingFx\database\Movie.odb' is opened by 15300@DESKTOP-R5U8ELA

[2560-12-10 07:50:43 #3 store] 
Configuration path: C:\Users\Sivakorn\Documents\GitHub\MovieBooking\objectdb\objectdb.conf

[2560-12-10 07:50:51 #4 store] 
Database 'C:\Users\Sivakorn\Documents\GitHub\MovieBooking\MovieBookingFx\database\Movie.odb' is closed by 15300@DESKTOP-R5U8ELA

------------------------------------------------------------------------------------------------------------------------

[2560-12-10 07:52:09 #1 store] 
Database 'C:\Users\Sivakorn\Documents\GitHub\MovieBooking\MovieBookingFx\database\Movie.odb' has been recovered (tr. 58-58)

[2560-12-10 07:52:09 #2 store] 
Database 'C:\Users\Sivakorn\Documents\GitHub\MovieBooking\MovieBookingFx\database\Movie.odb' is opened by 1584@DESKTOP-R5U8ELA

[2560-12-10 07:52:09 #3 store] 
Configuration path: C:\Users\Sivakorn\Documents\GitHub\MovieBooking\objectdb\objectdb.conf

[2560-12-10 07:52:15 #4 store] 
Database 'C:\Users\Sivakorn\Documents\GitHub\MovieBooking\MovieBookingFx\database\Movie.odb' is closed by 1584@DESKTOP-R5U8ELA

------------------------------------------------------------------------------------------------------------------------

[2560-12-10 07:54:07 #1 store] 
Database 'C:\Users\Sivakorn\Documents\GitHub\MovieBooking\MovieBookingFx\database\Movie.odb' is opened by 8232@DESKTOP-R5U8ELA

[2560-12-10 07:54:07 #2 store] 
Configuration path: C:\Users\Sivakorn\Documents\GitHub\MovieBooking\objectdb\objectdb.conf

[2560-12-10 07:54:10 #3 store] 
Database 'C:\Users\Sivakorn\Documents\GitHub\MovieBooking\MovieBookingFx\database\Movie.odb' is closed by 8232@DESKTOP-R5U8ELA

------------------------------------------------------------------------------------------------------------------------

[2560-12-10 07:57:42 #1 server] 
Server on port 6136 has started by 4464@DESKTOP-R5U8ELA

[2560-12-10 07:57:50 #2 server] 
Server on port 6136 has stopped by 4464@DESKTOP-R5U8ELA

------------------------------------------------------------------------------------------------------------------------

[2560-12-10 07:58:22 #1 store] 
Database 'C:\Users\Sivakorn\Documents\GitHub\MovieBooking\MovieBookingFx\database\Movie.odb' is opened by 5124@DESKTOP-R5U8ELA

[2560-12-10 07:58:22 #2 store] 
Configuration path: C:\Users\Sivakorn\Documents\GitHub\MovieBooking\objectdb\objectdb.conf

[2560-12-10 07:58:27 #3 store] 
Database 'C:\Users\Sivakorn\Documents\GitHub\MovieBooking\MovieBookingFx\database\Movie.odb' is closed by 5124@DESKTOP-R5U8ELA

------------------------------------------------------------------------------------------------------------------------

[2560-12-10 07:59:43 #1 store] 
Database 'C:\Users\Sivakorn\Documents\GitHub\MovieBooking\MovieBookingFx\database\Movie.odb' has been recovered (tr. 58-58)

[2560-12-10 07:59:43 #2 store] 
Database 'C:\Users\Sivakorn\Documents\GitHub\MovieBooking\MovieBookingFx\database\Movie.odb' is opened by 14972@DESKTOP-R5U8ELA

[2560-12-10 07:59:43 #3 store] 
Configuration path: C:\Users\Sivakorn\Documents\GitHub\MovieBooking\objectdb\objectdb.conf

[2560-12-10 07:59:47 #4 store] 
Database 'C:\Users\Sivakorn\Documents\GitHub\MovieBooking\MovieBookingFx\database\Movie.odb' is closed by 14972@DESKTOP-R5U8ELA

------------------------------------------------------------------------------------------------------------------------

[2560-12-10 08:00:34 #1 store] 
Database 'C:\Users\Sivakorn\Documents\GitHub\MovieBooking\MovieBookingFx\database\Movie.odb' is opened by 7852@DESKTOP-R5U8ELA

[2560-12-10 08:00:34 #2 store] 
Configuration path: C:\Users\Sivakorn\Documents\GitHub\MovieBooking\objectdb\objectdb.conf

[2560-12-10 08:00:39 #3 store] 
Database 'C:\Users\Sivakorn\Documents\GitHub\MovieBooking\MovieBookingFx\database\Movie.odb' is closed by 7852@DESKTOP-R5U8ELA

------------------------------------------------------------------------------------------------------------------------

[2560-12-10 08:08:59 #1 store] 
Database 'C:\Users\Sivakorn\Documents\GitHub\MovieBooking\MovieBookingFx\database\Movie.odb' is opened by 6204@DESKTOP-R5U8ELA

[2560-12-10 08:08:59 #2 store] 
Configuration path: C:\Users\Sivakorn\Documents\GitHub\MovieBooking\objectdb\objectdb.conf

[2560-12-10 08:09:03 #3 store] 
Database 'C:\Users\Sivakorn\Documents\GitHub\MovieBooking\MovieBookingFx\database\Movie.odb' is closed by 6204@DESKTOP-R5U8ELA

------------------------------------------------------------------------------------------------------------------------

[2560-12-10 08:09:22 #1 store] 
Database 'C:\Users\Sivakorn\Documents\GitHub\MovieBooking\MovieBookingFx\database\Movie.odb' is opened by 7504@DESKTOP-R5U8ELA

[2560-12-10 08:09:22 #2 store] 
Configuration path: C:\Users\Sivakorn\Documents\GitHub\MovieBooking\objectdb\objectdb.conf

[2560-12-10 08:09:27 #3 store] 
Database 'C:\Users\Sivakorn\Documents\GitHub\MovieBooking\MovieBookingFx\database\Movie.odb' is closed by 7504@DESKTOP-R5U8ELA

------------------------------------------------------------------------------------------------------------------------

[2560-12-10 08:11:29 #1 explorer] 
[ObjectDB 2.7.2_08] javax.persistence.PersistenceException
Attempt to open a database file 'C:\Users\Sivakorn\Documents\GitHub\MovieBooking\MovieBookingFx\database\Movie.odb' that is currently in use by another process (error 141)
	at com.objectdb.Explorer$1.run(Explorer.java:57)
	at java.desktop/java.awt.event.InvocationEvent.dispatch(Unknown Source)
	at java.desktop/java.awt.EventQueue.dispatchEventImpl(Unknown Source)
	at java.desktop/java.awt.EventQueue.access$500(Unknown Source)
	at java.desktop/java.awt.EventQueue$3.run(Unknown Source)
	at java.desktop/java.awt.EventQueue$3.run(Unknown Source)
	at java.base/java.security.AccessController.doPrivileged(Native Method)
	at java.base/java.security.ProtectionDomain$JavaSecurityAccessImpl.doIntersectionPrivilege(Unknown Source)
	at java.desktop/java.awt.EventQueue.dispatchEvent(Unknown Source)
	at java.desktop/java.awt.EventDispatchThread.pumpOneEventForFilters(Unknown Source)
	at java.desktop/java.awt.EventDispatchThread.pumpEventsForFilter(Unknown Source)
	at java.desktop/java.awt.EventDispatchThread.pumpEventsForHierarchy(Unknown Source)
	at java.desktop/java.awt.EventDispatchThread.pumpEvents(Unknown Source)
	at java.desktop/java.awt.EventDispatchThread.pumpEvents(Unknown Source)
	at java.desktop/java.awt.EventDispatchThread.run(Unknown Source)
Caused by: com.objectdb.o.UserException: Attempt to open a database file 'C:\Users\Sivakorn\Documents\GitHub\MovieBooking\MovieBookingFx\database\Movie.odb' that is currently in use by another process
	at com.objectdb.o.MSG.a(MSG.java:64)
	at com.objectdb.o.LFL.J(LFL.java:930)
	at com.objectdb.o.LFL.x(LFL.java:887)
	at com.objectdb.o.LFL.x(LFL.java:797)
	at com.objectdb.o.DFL.<init>(DFL.java:241)
	at com.objectdb.o.DMG.<init>(DMG.java:27)
	at com.objectdb.o.MST.<init>(MST.java:127)
	at com.objectdb.o.MST.ao(MST.java:109)
	at com.objectdb.o.MSF.Y1(MSF.java:190)
	at com.objectdb.o.OMF.r(OMF.java:783)
	at com.objectdb.jpa.EMF.r(EMF.java:130)
	at com.objectdb.o.OMF.w(OMF.java:694)
	at com.objectdb.jpa.EMF.createEntityManager(EMF.java:149)
	... 17 more

------------------------------------------------------------------------------------------------------------------------

[2560-12-10 08:11:35 #1 store] 
Database 'C:\Users\Sivakorn\Documents\GitHub\MovieBooking\MovieBookingFx\database\Movie.odb' is opened by 2956@DESKTOP-R5U8ELA

[2560-12-10 08:11:35 #2 store] 
Configuration path: C:\Users\Sivakorn\Documents\GitHub\MovieBooking\objectdb\objectdb.conf

[2560-12-10 08:11:39 #3 store] 
Database 'C:\Users\Sivakorn\Documents\GitHub\MovieBooking\MovieBookingFx\database\Movie.odb' is closed by 2956@DESKTOP-R5U8ELA

------------------------------------------------------------------------------------------------------------------------

[2560-12-10 08:15:38 #1 store] 
Database 'C:\Users\Sivakorn\Documents\GitHub\MovieBooking\MovieBookingFx\database\Movie.odb' has been recovered (tr. 57-68)

[2560-12-10 08:15:38 #2 store] 
Database 'C:\Users\Sivakorn\Documents\GitHub\MovieBooking\MovieBookingFx\database\Movie.odb' is opened by 11180@DESKTOP-R5U8ELA

[2560-12-10 08:15:38 #3 store] 
Configuration path: C:\Users\Sivakorn\Documents\GitHub\MovieBooking\objectdb\objectdb.conf

[2560-12-10 08:16:00 #4 store] 
Database 'C:\Users\Sivakorn\Documents\GitHub\MovieBooking\MovieBookingFx\database\Movie.odb' is closed by 11180@DESKTOP-R5U8ELA

------------------------------------------------------------------------------------------------------------------------

[2560-12-10 08:18:35 #1 explorer] 
[ObjectDB 2.7.2_08] javax.persistence.PersistenceException
Attempt to open a database file 'C:\Users\Sivakorn\Documents\GitHub\MovieBooking\MovieBookingFx\database\Movie.odb' that is currently in use by another process (error 141)
	at com.objectdb.Explorer$1.run(Explorer.java:57)
	at java.desktop/java.awt.event.InvocationEvent.dispatch(Unknown Source)
	at java.desktop/java.awt.EventQueue.dispatchEventImpl(Unknown Source)
	at java.desktop/java.awt.EventQueue.access$500(Unknown Source)
	at java.desktop/java.awt.EventQueue$3.run(Unknown Source)
	at java.desktop/java.awt.EventQueue$3.run(Unknown Source)
	at java.base/java.security.AccessController.doPrivileged(Native Method)
	at java.base/java.security.ProtectionDomain$JavaSecurityAccessImpl.doIntersectionPrivilege(Unknown Source)
	at java.desktop/java.awt.EventQueue.dispatchEvent(Unknown Source)
	at java.desktop/java.awt.EventDispatchThread.pumpOneEventForFilters(Unknown Source)
	at java.desktop/java.awt.EventDispatchThread.pumpEventsForFilter(Unknown Source)
	at java.desktop/java.awt.EventDispatchThread.pumpEventsForHierarchy(Unknown Source)
	at java.desktop/java.awt.EventDispatchThread.pumpEvents(Unknown Source)
	at java.desktop/java.awt.EventDispatchThread.pumpEvents(Unknown Source)
	at java.desktop/java.awt.EventDispatchThread.run(Unknown Source)
Caused by: com.objectdb.o.UserException: Attempt to open a database file 'C:\Users\Sivakorn\Documents\GitHub\MovieBooking\MovieBookingFx\database\Movie.odb' that is currently in use by another process
	at com.objectdb.o.MSG.a(MSG.java:64)
	at com.objectdb.o.LFL.J(LFL.java:930)
	at com.objectdb.o.LFL.x(LFL.java:887)
	at com.objectdb.o.LFL.x(LFL.java:797)
	at com.objectdb.o.DFL.<init>(DFL.java:241)
	at com.objectdb.o.DMG.<init>(DMG.java:27)
	at com.objectdb.o.MST.<init>(MST.java:127)
	at com.objectdb.o.MST.ao(MST.java:109)
	at com.objectdb.o.MSF.Y1(MSF.java:190)
	at com.objectdb.o.OMF.r(OMF.java:783)
	at com.objectdb.jpa.EMF.r(EMF.java:130)
	at com.objectdb.o.OMF.w(OMF.java:694)
	at com.objectdb.jpa.EMF.createEntityManager(EMF.java:149)
	... 17 more

------------------------------------------------------------------------------------------------------------------------

[2560-12-10 08:18:39 #1 store] 
Database 'C:\Users\Sivakorn\Documents\GitHub\MovieBooking\MovieBookingFx\database\Movie.odb' has been recovered (tr. 57-57)

[2560-12-10 08:18:39 #2 store] 
Database 'C:\Users\Sivakorn\Documents\GitHub\MovieBooking\MovieBookingFx\database\Movie.odb' is opened by 8484@DESKTOP-R5U8ELA

[2560-12-10 08:18:39 #3 store] 
Configuration path: C:\Users\Sivakorn\Documents\GitHub\MovieBooking\objectdb\objectdb.conf

[2560-12-10 08:18:56 #4 store] 
Database 'C:\Users\Sivakorn\Documents\GitHub\MovieBooking\MovieBookingFx\database\Movie.odb' is closed by 8484@DESKTOP-R5U8ELA

------------------------------------------------------------------------------------------------------------------------

[2560-12-10 08:21:46 #1 store] 
Database 'C:\Users\Sivakorn\Documents\GitHub\MovieBooking\MovieBookingFx\database\Movie.odb' has been recovered (tr. 62-62)

[2560-12-10 08:21:46 #2 store] 
Database 'C:\Users\Sivakorn\Documents\GitHub\MovieBooking\MovieBookingFx\database\Movie.odb' is opened by 14888@DESKTOP-R5U8ELA

[2560-12-10 08:21:46 #3 store] 
Configuration path: C:\Users\Sivakorn\Documents\GitHub\MovieBooking\objectdb\objectdb.conf

[2560-12-10 08:24:41 #4 store] 
Database 'C:\Users\Sivakorn\Documents\GitHub\MovieBooking\MovieBookingFx\database\Movie.odb' is closed by 14888@DESKTOP-R5U8ELA

------------------------------------------------------------------------------------------------------------------------

[2560-12-10 08:27:22 #1 store] 
Database 'C:\Users\Sivakorn\Documents\GitHub\MovieBooking\MovieBookingFx\database\Movie.odb' has been recovered (tr. 57-57)

[2560-12-10 08:27:22 #2 store] 
Database 'C:\Users\Sivakorn\Documents\GitHub\MovieBooking\MovieBookingFx\database\Movie.odb' is opened by 1648@DESKTOP-R5U8ELA

[2560-12-10 08:27:22 #3 store] 
Configuration path: C:\Users\Sivakorn\Documents\GitHub\MovieBooking\objectdb\objectdb.conf

[2560-12-10 08:27:27 #4 store] 
Database 'C:\Users\Sivakorn\Documents\GitHub\MovieBooking\MovieBookingFx\database\Movie.odb' is closed by 1648@DESKTOP-R5U8ELA

------------------------------------------------------------------------------------------------------------------------

[2560-12-10 08:28:37 #1 store] 
Database 'C:\Users\Sivakorn\Documents\GitHub\MovieBooking\MovieBookingFx\database\Movie.odb' has been recovered (tr. 58-58)

[2560-12-10 08:28:37 #2 store] 
Database 'C:\Users\Sivakorn\Documents\GitHub\MovieBooking\MovieBookingFx\database\Movie.odb' is opened by 14204@DESKTOP-R5U8ELA

[2560-12-10 08:28:37 #3 store] 
Configuration path: C:\Users\Sivakorn\Documents\GitHub\MovieBooking\objectdb\objectdb.conf

[2560-12-10 08:28:56 #4 store] 
Database 'C:\Users\Sivakorn\Documents\GitHub\MovieBooking\MovieBookingFx\database\Movie.odb' is closed by 14204@DESKTOP-R5U8ELA

------------------------------------------------------------------------------------------------------------------------

[2560-12-10 08:33:08 #1 store] 
Database 'C:\Users\Sivakorn\Documents\GitHub\MovieBooking\MovieBookingFx\database\Movie.odb' has been recovered (tr. 57-59)

[2560-12-10 08:33:08 #2 store] 
Database 'C:\Users\Sivakorn\Documents\GitHub\MovieBooking\MovieBookingFx\database\Movie.odb' is opened by 7432@DESKTOP-R5U8ELA

[2560-12-10 08:33:08 #3 store] 
Configuration path: C:\Users\Sivakorn\Documents\GitHub\MovieBooking\objectdb\objectdb.conf

[2560-12-10 08:33:32 #4 store] 
Database 'C:\Users\Sivakorn\Documents\GitHub\MovieBooking\MovieBookingFx\database\Movie.odb' is closed by 7432@DESKTOP-R5U8ELA

------------------------------------------------------------------------------------------------------------------------

[2560-12-10 08:42:52 #1 store] 
Database 'C:\Users\Sivakorn\Documents\GitHub\MovieBooking\MovieBookingFx\database\Movie.odb' has been recovered (tr. 59-63)

[2560-12-10 08:42:52 #2 store] 
Database 'C:\Users\Sivakorn\Documents\GitHub\MovieBooking\MovieBookingFx\database\Movie.odb' is opened by 14628@DESKTOP-R5U8ELA

[2560-12-10 08:42:52 #3 store] 
Configuration path: C:\Users\Sivakorn\Documents\GitHub\MovieBooking\objectdb\objectdb.conf

[2560-12-10 08:42:56 #4 store] 
Database 'C:\Users\Sivakorn\Documents\GitHub\MovieBooking\MovieBookingFx\database\Movie.odb' is closed by 14628@DESKTOP-R5U8ELA

------------------------------------------------------------------------------------------------------------------------

[2560-12-10 08:44:20 #1 store] 
Database 'C:\Users\Sivakorn\Documents\GitHub\MovieBooking\MovieBookingFx\database\Movie.odb' has been recovered (tr. 58-62)

[2560-12-10 08:44:20 #2 store] 
Database 'C:\Users\Sivakorn\Documents\GitHub\MovieBooking\MovieBookingFx\database\Movie.odb' is opened by 6212@DESKTOP-R5U8ELA

[2560-12-10 08:44:20 #3 store] 
Configuration path: C:\Users\Sivakorn\Documents\GitHub\MovieBooking\objectdb\objectdb.conf

[2560-12-10 08:44:33 #4 store] 
Database 'C:\Users\Sivakorn\Documents\GitHub\MovieBooking\MovieBookingFx\database\Movie.odb' is closed by 6212@DESKTOP-R5U8ELA

------------------------------------------------------------------------------------------------------------------------

[2560-12-10 08:50:50 #1 store] 
Database 'C:\Users\Sivakorn\Documents\GitHub\MovieBooking\MovieBookingFx\database\Movie.odb' has been recovered (tr. 57-57)

[2560-12-10 08:50:50 #2 store] 
Database 'C:\Users\Sivakorn\Documents\GitHub\MovieBooking\MovieBookingFx\database\Movie.odb' is opened by 9084@DESKTOP-R5U8ELA

[2560-12-10 08:50:50 #3 store] 
Configuration path: C:\Users\Sivakorn\Documents\GitHub\MovieBooking\objectdb\objectdb.conf

[2560-12-10 08:51:00 #4 store] 
Database 'C:\Users\Sivakorn\Documents\GitHub\MovieBooking\MovieBookingFx\database\Movie.odb' is closed by 9084@DESKTOP-R5U8ELA

------------------------------------------------------------------------------------------------------------------------

[2560-12-10 08:51:14 #1 store] 
Database 'C:\Users\Sivakorn\Documents\GitHub\MovieBooking\MovieBookingFx\database\Movie.odb' has been recovered (tr. 58-58)

[2560-12-10 08:51:14 #2 store] 
Database 'C:\Users\Sivakorn\Documents\GitHub\MovieBooking\MovieBookingFx\database\Movie.odb' is opened by 5112@DESKTOP-R5U8ELA

[2560-12-10 08:51:14 #3 store] 
Configuration path: C:\Users\Sivakorn\Documents\GitHub\MovieBooking\objectdb\objectdb.conf

[2560-12-10 08:52:54 #4 store] 
Database 'C:\Users\Sivakorn\Documents\GitHub\MovieBooking\MovieBookingFx\database\Movie.odb' is closed by 5112@DESKTOP-R5U8ELA

------------------------------------------------------------------------------------------------------------------------

[2560-12-10 08:56:19 #1 store] 
Database 'C:\Users\Sivakorn\Documents\GitHub\MovieBooking\MovieBookingFx\database\Movie.odb' has been recovered (tr. 60-60)

[2560-12-10 08:56:19 #2 store] 
Database 'C:\Users\Sivakorn\Documents\GitHub\MovieBooking\MovieBookingFx\database\Movie.odb' is opened by 1192@DESKTOP-R5U8ELA

[2560-12-10 08:56:19 #3 store] 
Configuration path: C:\Users\Sivakorn\Documents\GitHub\MovieBooking\objectdb\objectdb.conf

[2560-12-10 08:56:36 #4 store] 
Database 'C:\Users\Sivakorn\Documents\GitHub\MovieBooking\MovieBookingFx\database\Movie.odb' is closed by 1192@DESKTOP-R5U8ELA

------------------------------------------------------------------------------------------------------------------------

[2560-12-10 09:00:25 #1 explorer] 
[ObjectDB 2.7.2_08] javax.persistence.PersistenceException
Attempt to open a database file 'C:\Users\Sivakorn\Documents\GitHub\MovieBooking\MovieBookingFx\database\Movie.odb' that is currently in use by another process (error 141)
	at com.objectdb.Explorer$1.run(Explorer.java:57)
	at java.desktop/java.awt.event.InvocationEvent.dispatch(Unknown Source)
	at java.desktop/java.awt.EventQueue.dispatchEventImpl(Unknown Source)
	at java.desktop/java.awt.EventQueue.access$500(Unknown Source)
	at java.desktop/java.awt.EventQueue$3.run(Unknown Source)
	at java.desktop/java.awt.EventQueue$3.run(Unknown Source)
	at java.base/java.security.AccessController.doPrivileged(Native Method)
	at java.base/java.security.ProtectionDomain$JavaSecurityAccessImpl.doIntersectionPrivilege(Unknown Source)
	at java.desktop/java.awt.EventQueue.dispatchEvent(Unknown Source)
	at java.desktop/java.awt.EventDispatchThread.pumpOneEventForFilters(Unknown Source)
	at java.desktop/java.awt.EventDispatchThread.pumpEventsForFilter(Unknown Source)
	at java.desktop/java.awt.EventDispatchThread.pumpEventsForHierarchy(Unknown Source)
	at java.desktop/java.awt.EventDispatchThread.pumpEvents(Unknown Source)
	at java.desktop/java.awt.EventDispatchThread.pumpEvents(Unknown Source)
	at java.desktop/java.awt.EventDispatchThread.run(Unknown Source)
Caused by: com.objectdb.o.UserException: Attempt to open a database file 'C:\Users\Sivakorn\Documents\GitHub\MovieBooking\MovieBookingFx\database\Movie.odb' that is currently in use by another process
	at com.objectdb.o.MSG.a(MSG.java:64)
	at com.objectdb.o.LFL.J(LFL.java:930)
	at com.objectdb.o.LFL.x(LFL.java:887)
	at com.objectdb.o.LFL.x(LFL.java:797)
	at com.objectdb.o.DFL.<init>(DFL.java:241)
	at com.objectdb.o.DMG.<init>(DMG.java:27)
	at com.objectdb.o.MST.<init>(MST.java:127)
	at com.objectdb.o.MST.ao(MST.java:109)
	at com.objectdb.o.MSF.Y1(MSF.java:190)
	at com.objectdb.o.OMF.r(OMF.java:783)
	at com.objectdb.jpa.EMF.r(EMF.java:130)
	at com.objectdb.o.OMF.w(OMF.java:694)
	at com.objectdb.jpa.EMF.createEntityManager(EMF.java:149)
	... 17 more

------------------------------------------------------------------------------------------------------------------------

[2560-12-10 09:00:35 #1 store] 
Database 'C:\Users\Sivakorn\Documents\GitHub\MovieBooking\MovieBookingFx\database\Movie.odb' has been recovered (tr. 61-62)

[2560-12-10 09:00:35 #2 store] 
Database 'C:\Users\Sivakorn\Documents\GitHub\MovieBooking\MovieBookingFx\database\Movie.odb' is opened by 6536@DESKTOP-R5U8ELA

[2560-12-10 09:00:35 #3 store] 
Configuration path: C:\Users\Sivakorn\Documents\GitHub\MovieBooking\objectdb\objectdb.conf

[2560-12-10 09:00:53 #4 store] 
Database 'C:\Users\Sivakorn\Documents\GitHub\MovieBooking\MovieBookingFx\database\Movie.odb' is closed by 6536@DESKTOP-R5U8ELA

------------------------------------------------------------------------------------------------------------------------

[2560-12-10 09:03:59 #1 explorer] 
[ObjectDB 2.7.2_08] javax.persistence.PersistenceException
Attempt to open a database file 'C:\Users\Sivakorn\Documents\GitHub\MovieBooking\MovieBookingFx\database\Movie.odb' that is currently in use by another process (error 141)
	at com.objectdb.Explorer$1.run(Explorer.java:57)
	at java.desktop/java.awt.event.InvocationEvent.dispatch(Unknown Source)
	at java.desktop/java.awt.EventQueue.dispatchEventImpl(Unknown Source)
	at java.desktop/java.awt.EventQueue.access$500(Unknown Source)
	at java.desktop/java.awt.EventQueue$3.run(Unknown Source)
	at java.desktop/java.awt.EventQueue$3.run(Unknown Source)
	at java.base/java.security.AccessController.doPrivileged(Native Method)
	at java.base/java.security.ProtectionDomain$JavaSecurityAccessImpl.doIntersectionPrivilege(Unknown Source)
	at java.desktop/java.awt.EventQueue.dispatchEvent(Unknown Source)
	at java.desktop/java.awt.EventDispatchThread.pumpOneEventForFilters(Unknown Source)
	at java.desktop/java.awt.EventDispatchThread.pumpEventsForFilter(Unknown Source)
	at java.desktop/java.awt.EventDispatchThread.pumpEventsForHierarchy(Unknown Source)
	at java.desktop/java.awt.EventDispatchThread.pumpEvents(Unknown Source)
	at java.desktop/java.awt.EventDispatchThread.pumpEvents(Unknown Source)
	at java.desktop/java.awt.EventDispatchThread.run(Unknown Source)
Caused by: com.objectdb.o.UserException: Attempt to open a database file 'C:\Users\Sivakorn\Documents\GitHub\MovieBooking\MovieBookingFx\database\Movie.odb' that is currently in use by another process
	at com.objectdb.o.MSG.a(MSG.java:64)
	at com.objectdb.o.LFL.J(LFL.java:930)
	at com.objectdb.o.LFL.x(LFL.java:887)
	at com.objectdb.o.LFL.x(LFL.java:797)
	at com.objectdb.o.DFL.<init>(DFL.java:241)
	at com.objectdb.o.DMG.<init>(DMG.java:27)
	at com.objectdb.o.MST.<init>(MST.java:127)
	at com.objectdb.o.MST.ao(MST.java:109)
	at com.objectdb.o.MSF.Y1(MSF.java:190)
	at com.objectdb.o.OMF.r(OMF.java:783)
	at com.objectdb.jpa.EMF.r(EMF.java:130)
	at com.objectdb.o.OMF.w(OMF.java:694)
	at com.objectdb.jpa.EMF.createEntityManager(EMF.java:149)
	... 17 more

------------------------------------------------------------------------------------------------------------------------

[2560-12-10 09:04:04 #1 explorer] 
[ObjectDB 2.7.2_08] javax.persistence.PersistenceException
Attempt to open a database file 'C:\Users\Sivakorn\Documents\GitHub\MovieBooking\MovieBookingFx\database\Movie.odb' that is currently in use by another process (error 141)
	at com.objectdb.Explorer$1.run(Explorer.java:57)
	at java.desktop/java.awt.event.InvocationEvent.dispatch(Unknown Source)
	at java.desktop/java.awt.EventQueue.dispatchEventImpl(Unknown Source)
	at java.desktop/java.awt.EventQueue.access$500(Unknown Source)
	at java.desktop/java.awt.EventQueue$3.run(Unknown Source)
	at java.desktop/java.awt.EventQueue$3.run(Unknown Source)
	at java.base/java.security.AccessController.doPrivileged(Native Method)
	at java.base/java.security.ProtectionDomain$JavaSecurityAccessImpl.doIntersectionPrivilege(Unknown Source)
	at java.desktop/java.awt.EventQueue.dispatchEvent(Unknown Source)
	at java.desktop/java.awt.EventDispatchThread.pumpOneEventForFilters(Unknown Source)
	at java.desktop/java.awt.EventDispatchThread.pumpEventsForFilter(Unknown Source)
	at java.desktop/java.awt.EventDispatchThread.pumpEventsForHierarchy(Unknown Source)
	at java.desktop/java.awt.EventDispatchThread.pumpEvents(Unknown Source)
	at java.desktop/java.awt.EventDispatchThread.pumpEvents(Unknown Source)
	at java.desktop/java.awt.EventDispatchThread.run(Unknown Source)
Caused by: com.objectdb.o.UserException: Attempt to open a database file 'C:\Users\Sivakorn\Documents\GitHub\MovieBooking\MovieBookingFx\database\Movie.odb' that is currently in use by another process
	at com.objectdb.o.MSG.a(MSG.java:64)
	at com.objectdb.o.LFL.J(LFL.java:930)
	at com.objectdb.o.LFL.x(LFL.java:887)
	at com.objectdb.o.LFL.x(LFL.java:797)
	at com.objectdb.o.DFL.<init>(DFL.java:241)
	at com.objectdb.o.DMG.<init>(DMG.java:27)
	at com.objectdb.o.MST.<init>(MST.java:127)
	at com.objectdb.o.MST.ao(MST.java:109)
	at com.objectdb.o.MSF.Y1(MSF.java:190)
	at com.objectdb.o.OMF.r(OMF.java:783)
	at com.objectdb.jpa.EMF.r(EMF.java:130)
	at com.objectdb.o.OMF.w(OMF.java:694)
	at com.objectdb.jpa.EMF.createEntityManager(EMF.java:149)
	... 17 more

------------------------------------------------------------------------------------------------------------------------

[2560-12-10 09:04:09 #1 store] 
Database 'C:\Users\Sivakorn\Documents\GitHub\MovieBooking\MovieBookingFx\database\Movie.odb' has been recovered (tr. 57-60)

[2560-12-10 09:04:09 #2 store] 
Database 'C:\Users\Sivakorn\Documents\GitHub\MovieBooking\MovieBookingFx\database\Movie.odb' is opened by 3208@DESKTOP-R5U8ELA

[2560-12-10 09:04:09 #3 store] 
Configuration path: C:\Users\Sivakorn\Documents\GitHub\MovieBooking\objectdb\objectdb.conf

[2560-12-10 09:04:37 #4 store] 
Database 'C:\Users\Sivakorn\Documents\GitHub\MovieBooking\MovieBookingFx\database\Movie.odb' is closed by 3208@DESKTOP-R5U8ELA

------------------------------------------------------------------------------------------------------------------------

[2560-12-10 09:05:22 #1 explorer] 
[ObjectDB 2.7.2_08] javax.persistence.PersistenceException
Attempt to open a database file 'C:\Users\Sivakorn\Documents\GitHub\MovieBooking\MovieBookingFx\database\Movie.odb' that is currently in use by another process (error 141)
	at com.objectdb.Explorer$1.run(Explorer.java:57)
	at java.desktop/java.awt.event.InvocationEvent.dispatch(Unknown Source)
	at java.desktop/java.awt.EventQueue.dispatchEventImpl(Unknown Source)
	at java.desktop/java.awt.EventQueue.access$500(Unknown Source)
	at java.desktop/java.awt.EventQueue$3.run(Unknown Source)
	at java.desktop/java.awt.EventQueue$3.run(Unknown Source)
	at java.base/java.security.AccessController.doPrivileged(Native Method)
	at java.base/java.security.ProtectionDomain$JavaSecurityAccessImpl.doIntersectionPrivilege(Unknown Source)
	at java.desktop/java.awt.EventQueue.dispatchEvent(Unknown Source)
	at java.desktop/java.awt.EventDispatchThread.pumpOneEventForFilters(Unknown Source)
	at java.desktop/java.awt.EventDispatchThread.pumpEventsForFilter(Unknown Source)
	at java.desktop/java.awt.EventDispatchThread.pumpEventsForHierarchy(Unknown Source)
	at java.desktop/java.awt.EventDispatchThread.pumpEvents(Unknown Source)
	at java.desktop/java.awt.EventDispatchThread.pumpEvents(Unknown Source)
	at java.desktop/java.awt.EventDispatchThread.run(Unknown Source)
Caused by: com.objectdb.o.UserException: Attempt to open a database file 'C:\Users\Sivakorn\Documents\GitHub\MovieBooking\MovieBookingFx\database\Movie.odb' that is currently in use by another process
	at com.objectdb.o.MSG.a(MSG.java:64)
	at com.objectdb.o.LFL.J(LFL.java:930)
	at com.objectdb.o.LFL.x(LFL.java:887)
	at com.objectdb.o.LFL.x(LFL.java:797)
	at com.objectdb.o.DFL.<init>(DFL.java:241)
	at com.objectdb.o.DMG.<init>(DMG.java:27)
	at com.objectdb.o.MST.<init>(MST.java:127)
	at com.objectdb.o.MST.ao(MST.java:109)
	at com.objectdb.o.MSF.Y1(MSF.java:190)
	at com.objectdb.o.OMF.r(OMF.java:783)
	at com.objectdb.jpa.EMF.r(EMF.java:130)
	at com.objectdb.o.OMF.w(OMF.java:694)
	at com.objectdb.jpa.EMF.createEntityManager(EMF.java:149)
	... 17 more

------------------------------------------------------------------------------------------------------------------------

[2560-12-10 09:05:29 #1 store] 
Database 'C:\Users\Sivakorn\Documents\GitHub\MovieBooking\MovieBookingFx\database\Movie.odb' has been recovered (tr. 57-62)

[2560-12-10 09:05:29 #2 store] 
Database 'C:\Users\Sivakorn\Documents\GitHub\MovieBooking\MovieBookingFx\database\Movie.odb' is opened by 6540@DESKTOP-R5U8ELA

[2560-12-10 09:05:29 #3 store] 
Configuration path: C:\Users\Sivakorn\Documents\GitHub\MovieBooking\objectdb\objectdb.conf

[2560-12-10 09:05:55 #4 store] 
Database 'C:\Users\Sivakorn\Documents\GitHub\MovieBooking\MovieBookingFx\database\Movie.odb' is closed by 6540@DESKTOP-R5U8ELA

------------------------------------------------------------------------------------------------------------------------

[2560-12-10 09:08:22 #1 explorer] 
[ObjectDB 2.7.2_08] javax.persistence.PersistenceException
Attempt to open a database file 'C:\Users\Sivakorn\Documents\GitHub\MovieBooking\MovieBookingFx\database\Movie.odb' that is currently in use by another process (error 141)
	at com.objectdb.Explorer$1.run(Explorer.java:57)
	at java.desktop/java.awt.event.InvocationEvent.dispatch(Unknown Source)
	at java.desktop/java.awt.EventQueue.dispatchEventImpl(Unknown Source)
	at java.desktop/java.awt.EventQueue.access$500(Unknown Source)
	at java.desktop/java.awt.EventQueue$3.run(Unknown Source)
	at java.desktop/java.awt.EventQueue$3.run(Unknown Source)
	at java.base/java.security.AccessController.doPrivileged(Native Method)
	at java.base/java.security.ProtectionDomain$JavaSecurityAccessImpl.doIntersectionPrivilege(Unknown Source)
	at java.desktop/java.awt.EventQueue.dispatchEvent(Unknown Source)
	at java.desktop/java.awt.EventDispatchThread.pumpOneEventForFilters(Unknown Source)
	at java.desktop/java.awt.EventDispatchThread.pumpEventsForFilter(Unknown Source)
	at java.desktop/java.awt.EventDispatchThread.pumpEventsForHierarchy(Unknown Source)
	at java.desktop/java.awt.EventDispatchThread.pumpEvents(Unknown Source)
	at java.desktop/java.awt.EventDispatchThread.pumpEvents(Unknown Source)
	at java.desktop/java.awt.EventDispatchThread.run(Unknown Source)
Caused by: com.objectdb.o.UserException: Attempt to open a database file 'C:\Users\Sivakorn\Documents\GitHub\MovieBooking\MovieBookingFx\database\Movie.odb' that is currently in use by another process
	at com.objectdb.o.MSG.a(MSG.java:64)
	at com.objectdb.o.LFL.J(LFL.java:930)
	at com.objectdb.o.LFL.x(LFL.java:887)
	at com.objectdb.o.LFL.x(LFL.java:797)
	at com.objectdb.o.DFL.<init>(DFL.java:241)
	at com.objectdb.o.DMG.<init>(DMG.java:27)
	at com.objectdb.o.MST.<init>(MST.java:127)
	at com.objectdb.o.MST.ao(MST.java:109)
	at com.objectdb.o.MSF.Y1(MSF.java:190)
	at com.objectdb.o.OMF.r(OMF.java:783)
	at com.objectdb.jpa.EMF.r(EMF.java:130)
	at com.objectdb.o.OMF.w(OMF.java:694)
	at com.objectdb.jpa.EMF.createEntityManager(EMF.java:149)
	... 17 more

------------------------------------------------------------------------------------------------------------------------

[2560-12-10 09:08:26 #1 store] 
Database 'C:\Users\Sivakorn\Documents\GitHub\MovieBooking\MovieBookingFx\database\Movie.odb' has been recovered (tr. 88-108)

[2560-12-10 09:08:26 #2 store] 
Database 'C:\Users\Sivakorn\Documents\GitHub\MovieBooking\MovieBookingFx\database\Movie.odb' is opened by 12060@DESKTOP-R5U8ELA

[2560-12-10 09:08:26 #3 store] 
Configuration path: C:\Users\Sivakorn\Documents\GitHub\MovieBooking\objectdb\objectdb.conf

[2560-12-10 09:09:30 #4 store] 
Database 'C:\Users\Sivakorn\Documents\GitHub\MovieBooking\MovieBookingFx\database\Movie.odb' is closed by 12060@DESKTOP-R5U8ELA

------------------------------------------------------------------------------------------------------------------------

[2560-12-10 09:18:21 #1 store] 
Database 'C:\Users\Sivakorn\Documents\GitHub\MovieBooking\MovieBookingFx\database\Movie.odb' has been recovered (tr. 57-58)

[2560-12-10 09:18:21 #2 store] 
Database 'C:\Users\Sivakorn\Documents\GitHub\MovieBooking\MovieBookingFx\database\Movie.odb' is opened by 10796@DESKTOP-R5U8ELA

[2560-12-10 09:18:21 #3 store] 
Configuration path: C:\Users\Sivakorn\Documents\GitHub\MovieBooking\objectdb\objectdb.conf

[2560-12-10 09:18:40 #4 store] 
Database 'C:\Users\Sivakorn\Documents\GitHub\MovieBooking\MovieBookingFx\database\Movie.odb' is closed by 10796@DESKTOP-R5U8ELA

