------------------------------------------------------------------------------------------------------------------------

[2560-12-07 17:27:05 #1 store] 
Database 'C:\Users\terkg\Documents\GitHub\MovieBooking\MovieBookingFx\database\Movie.odb' is opened by 3544@DESKTOP-KCNIK4J

[2560-12-07 17:27:05 #2 store] 
Configuration path: C:\Users\terkg\Documents\GitHub\MovieBooking\objectdb\objectdb.conf

[2560-12-07 17:27:15 #3 type.registry] 
New type com.objectdb.o.LMT

[2560-12-07 17:27:15 #4 type.registry] 
New type com.objectdb.o.VAL

[2560-12-07 17:27:15 #5 type.registry] 
New type com.objectdb.o.RFV

[2560-12-07 17:27:18 #6 store] 
Database 'C:\Users\terkg\Documents\GitHub\MovieBooking\MovieBookingFx\database\Movie.odb' is closed by 3544@DESKTOP-KCNIK4J

------------------------------------------------------------------------------------------------------------------------

[2560-12-07 18:12:38 #1 store] 
Database 'C:\Users\terkg\Documents\GitHub\MovieBooking\MovieBookingFx\database\Movie.odb' has been recovered (tr. 18-25)

[2560-12-07 18:12:38 #2 store] 
Database 'C:\Users\terkg\Documents\GitHub\MovieBooking\MovieBookingFx\database\Movie.odb' is opened by 6484@DESKTOP-KCNIK4J

[2560-12-07 18:12:38 #3 store] 
Configuration path: C:\Users\terkg\Documents\GitHub\MovieBooking\objectdb\objectdb.conf

[2560-12-07 18:13:04 #4 type.registry] 
New type com.objectdb.o.LMT

[2560-12-07 18:13:04 #5 type.registry] 
New type com.objectdb.o.VAL

[2560-12-07 18:13:04 #6 type.registry] 
New type com.objectdb.o.RFV

[2560-12-07 18:13:57 #7 store] 
Database 'C:\Users\terkg\Documents\GitHub\MovieBooking\MovieBookingFx\database\Movie.odb' is closed by 6484@DESKTOP-KCNIK4J

------------------------------------------------------------------------------------------------------------------------

[2560-12-07 18:14:43 #1 store] 
Database 'C:\Users\terkg\Documents\GitHub\MovieBooking\MovieBookingFx\database\Movie.odb' is opened by 5164@DESKTOP-KCNIK4J

[2560-12-07 18:14:43 #2 store] 
Configuration path: C:\Users\terkg\Documents\GitHub\MovieBooking\objectdb\objectdb.conf

[2560-12-07 18:15:11 #3 type.registry] 
New type com.objectdb.o.LMT

[2560-12-07 18:15:11 #4 type.registry] 
New type com.objectdb.o.VAL

[2560-12-07 18:15:11 #5 type.registry] 
New type com.objectdb.o.RFV

[2560-12-07 18:16:14 #6 store] 
Database 'C:\Users\terkg\Documents\GitHub\MovieBooking\MovieBookingFx\database\Movie.odb' is closed by 5164@DESKTOP-KCNIK4J

------------------------------------------------------------------------------------------------------------------------

[2560-12-07 21:15:04 #1 store] 
Database 'C:\Users\terkg\Documents\GitHub\MovieBooking\MovieBookingFx\database\Movie.odb' is opened by 5516@DESKTOP-KCNIK4J

[2560-12-07 21:15:04 #2 store] 
Configuration path: C:\Users\terkg\Documents\GitHub\MovieBooking\objectdb\objectdb.conf

[2560-12-07 21:29:13 #3 store] 
Database 'C:\Users\terkg\Documents\GitHub\MovieBooking\MovieBookingFx\database\Movie.odb' is closed by 5516@DESKTOP-KCNIK4J

