------------------------------------------------------------------------------------------------------------------------

[2560-12-11 04:20:58 #1 store] 
Database 'C:\Users\Sivakorn\Documents\GitHub\MovieBooking\MovieBookingFx\database\Movie.odb' is opened by 14752@DESKTOP-R5U8ELA

[2560-12-11 04:20:58 #2 store] 
Configuration path: C:\Users\Sivakorn\Documents\GitHub\MovieBooking\objectdb\objectdb.conf

[2560-12-11 04:21:12 #3 store] 
Database 'C:\Users\Sivakorn\Documents\GitHub\MovieBooking\MovieBookingFx\database\Movie.odb' is closed by 14752@DESKTOP-R5U8ELA

------------------------------------------------------------------------------------------------------------------------

[2560-12-11 04:21:32 #1 store] 
Database 'C:\Users\Sivakorn\Documents\GitHub\MovieBooking\MovieBookingFx\database\Movie.odb' is opened by 16072@DESKTOP-R5U8ELA

[2560-12-11 04:21:32 #2 store] 
Configuration path: C:\Users\Sivakorn\Documents\GitHub\MovieBooking\objectdb\objectdb.conf

[2560-12-11 04:21:38 #3 store] 
Database 'C:\Users\Sivakorn\Documents\GitHub\MovieBooking\MovieBookingFx\database\Movie.odb' is closed by 16072@DESKTOP-R5U8ELA

------------------------------------------------------------------------------------------------------------------------

[2560-12-11 04:22:10 #1 store] 
Database 'C:\Users\Sivakorn\Documents\GitHub\MovieBooking\MovieBookingFx\database\Movie.odb' has been recovered (tr. 109-109)

[2560-12-11 04:22:10 #2 store] 
Database 'C:\Users\Sivakorn\Documents\GitHub\MovieBooking\MovieBookingFx\database\Movie.odb' is opened by 16152@DESKTOP-R5U8ELA

[2560-12-11 04:22:10 #3 store] 
Configuration path: C:\Users\Sivakorn\Documents\GitHub\MovieBooking\objectdb\objectdb.conf

[2560-12-11 04:22:45 #4 store] 
Database 'C:\Users\Sivakorn\Documents\GitHub\MovieBooking\MovieBookingFx\database\Movie.odb' is closed by 16152@DESKTOP-R5U8ELA

------------------------------------------------------------------------------------------------------------------------

[2560-12-11 04:23:14 #1 store] 
Database 'C:\Users\Sivakorn\Documents\GitHub\MovieBooking\MovieBookingFx\database\Movie.odb' has been recovered (tr. 57-57)

[2560-12-11 04:23:14 #2 store] 
Database 'C:\Users\Sivakorn\Documents\GitHub\MovieBooking\MovieBookingFx\database\Movie.odb' is opened by 9276@DESKTOP-R5U8ELA

[2560-12-11 04:23:14 #3 store] 
Configuration path: C:\Users\Sivakorn\Documents\GitHub\MovieBooking\objectdb\objectdb.conf

[2560-12-11 04:23:29 #4 store] 
Database 'C:\Users\Sivakorn\Documents\GitHub\MovieBooking\MovieBookingFx\database\Movie.odb' is closed by 9276@DESKTOP-R5U8ELA

------------------------------------------------------------------------------------------------------------------------

[2560-12-11 04:23:54 #1 store] 
Database 'C:\Users\Sivakorn\Documents\GitHub\MovieBooking\MovieBookingFx\database\Movie.odb' has been recovered (tr. 70-70)

[2560-12-11 04:23:54 #2 store] 
Database 'C:\Users\Sivakorn\Documents\GitHub\MovieBooking\MovieBookingFx\database\Movie.odb' is opened by 9360@DESKTOP-R5U8ELA

[2560-12-11 04:23:54 #3 store] 
Configuration path: C:\Users\Sivakorn\Documents\GitHub\MovieBooking\objectdb\objectdb.conf

[2560-12-11 04:24:01 #4 store] 
Database 'C:\Users\Sivakorn\Documents\GitHub\MovieBooking\MovieBookingFx\database\Movie.odb' is closed by 9360@DESKTOP-R5U8ELA

------------------------------------------------------------------------------------------------------------------------

[2560-12-11 05:04:27 #1 store] 
Database 'C:\Users\Sivakorn\Documents\GitHub\MovieBooking\MovieBookingFx\database\Movie.odb' has been recovered (tr. 72-72)

[2560-12-11 05:04:28 #2 store] 
Database 'C:\Users\Sivakorn\Documents\GitHub\MovieBooking\MovieBookingFx\database\Movie.odb' is opened by 8844@DESKTOP-R5U8ELA

[2560-12-11 05:04:28 #3 store] 
Configuration path: C:\Users\Sivakorn\Documents\GitHub\MovieBooking\objectdb\objectdb.conf

[2560-12-11 05:43:29 #4 store] 
Database 'C:\Users\Sivakorn\Documents\GitHub\MovieBooking\MovieBookingFx\database\Movie.odb' is closed by 8844@DESKTOP-R5U8ELA

------------------------------------------------------------------------------------------------------------------------

[2560-12-11 06:21:15 #1 server] 
Server on port 6136 has started by 5888@DESKTOP-R5U8ELA

------------------------------------------------------------------------------------------------------------------------

[2560-12-11 13:06:22 #1 store] 
Database 'C:\Users\Sivakorn\Documents\GitHub\MovieBooking\MovieBookingFx\database\Movie.odb' is opened by 5872@DESKTOP-R5U8ELA

[2560-12-11 13:06:22 #2 store] 
Configuration path: C:\Users\Sivakorn\Documents\GitHub\MovieBooking\objectdb\objectdb.conf

[2560-12-11 13:13:25 #3 store] 
Database 'C:\Users\Sivakorn\Documents\GitHub\MovieBooking\MovieBookingFx\database\Movie.odb' is closed by 5872@DESKTOP-R5U8ELA

------------------------------------------------------------------------------------------------------------------------

[2560-12-11 13:14:35 #1 store] 
Database 'C:\Users\Sivakorn\Documents\GitHub\MovieBooking\MovieBookingFx\database\Movie.odb' has been recovered (tr. 75-75)

[2560-12-11 13:14:35 #2 store] 
Database 'C:\Users\Sivakorn\Documents\GitHub\MovieBooking\MovieBookingFx\database\Movie.odb' is opened by 8760@DESKTOP-R5U8ELA

[2560-12-11 13:14:35 #3 store] 
Configuration path: C:\Users\Sivakorn\Documents\GitHub\MovieBooking\objectdb\objectdb.conf

[2560-12-11 13:17:26 #4 store] 
Database 'C:\Users\Sivakorn\Documents\GitHub\MovieBooking\MovieBookingFx\database\Movie.odb' is closed by 8760@DESKTOP-R5U8ELA

------------------------------------------------------------------------------------------------------------------------

[2560-12-11 13:18:52 #1 store] 
Database 'C:\Users\Sivakorn\Documents\GitHub\MovieBooking\MovieBookingFx\database\Movie.odb' has been recovered (tr. 76-76)

[2560-12-11 13:18:52 #2 store] 
Database 'C:\Users\Sivakorn\Documents\GitHub\MovieBooking\MovieBookingFx\database\Movie.odb' is opened by 14460@DESKTOP-R5U8ELA

[2560-12-11 13:18:52 #3 store] 
Configuration path: C:\Users\Sivakorn\Documents\GitHub\MovieBooking\objectdb\objectdb.conf

[2560-12-11 13:19:26 #4 store] 
Database 'C:\Users\Sivakorn\Documents\GitHub\MovieBooking\MovieBookingFx\database\Movie.odb' is closed by 14460@DESKTOP-R5U8ELA

------------------------------------------------------------------------------------------------------------------------

[2560-12-11 13:20:06 #1 explorer] 
[ObjectDB 2.7.2_08] javax.persistence.PersistenceException
Attempt to open a database file 'C:\Users\Sivakorn\Documents\GitHub\MovieBooking\MovieBookingFx\database\Movie.odb' that is currently in use by another process (error 141)
	at com.objectdb.Explorer$1.run(Explorer.java:57)
	at java.desktop/java.awt.event.InvocationEvent.dispatch(Unknown Source)
	at java.desktop/java.awt.EventQueue.dispatchEventImpl(Unknown Source)
	at java.desktop/java.awt.EventQueue.access$500(Unknown Source)
	at java.desktop/java.awt.EventQueue$3.run(Unknown Source)
	at java.desktop/java.awt.EventQueue$3.run(Unknown Source)
	at java.base/java.security.AccessController.doPrivileged(Native Method)
	at java.base/java.security.ProtectionDomain$JavaSecurityAccessImpl.doIntersectionPrivilege(Unknown Source)
	at java.desktop/java.awt.EventQueue.dispatchEvent(Unknown Source)
	at java.desktop/java.awt.EventDispatchThread.pumpOneEventForFilters(Unknown Source)
	at java.desktop/java.awt.EventDispatchThread.pumpEventsForFilter(Unknown Source)
	at java.desktop/java.awt.EventDispatchThread.pumpEventsForHierarchy(Unknown Source)
	at java.desktop/java.awt.EventDispatchThread.pumpEvents(Unknown Source)
	at java.desktop/java.awt.EventDispatchThread.pumpEvents(Unknown Source)
	at java.desktop/java.awt.EventDispatchThread.run(Unknown Source)
Caused by: com.objectdb.o.UserException: Attempt to open a database file 'C:\Users\Sivakorn\Documents\GitHub\MovieBooking\MovieBookingFx\database\Movie.odb' that is currently in use by another process
	at com.objectdb.o.MSG.a(MSG.java:64)
	at com.objectdb.o.LFL.J(LFL.java:930)
	at com.objectdb.o.LFL.x(LFL.java:887)
	at com.objectdb.o.LFL.x(LFL.java:797)
	at com.objectdb.o.DFL.<init>(DFL.java:241)
	at com.objectdb.o.DMG.<init>(DMG.java:27)
	at com.objectdb.o.MST.<init>(MST.java:127)
	at com.objectdb.o.MST.ao(MST.java:109)
	at com.objectdb.o.MSF.Y1(MSF.java:190)
	at com.objectdb.o.OMF.r(OMF.java:783)
	at com.objectdb.jpa.EMF.r(EMF.java:130)
	at com.objectdb.o.OMF.w(OMF.java:694)
	at com.objectdb.jpa.EMF.createEntityManager(EMF.java:149)
	... 17 more

------------------------------------------------------------------------------------------------------------------------

[2560-12-11 13:20:10 #1 store] 
Database 'C:\Users\Sivakorn\Documents\GitHub\MovieBooking\MovieBookingFx\database\Movie.odb' has been recovered (tr. 77-77)

[2560-12-11 13:20:10 #2 store] 
Database 'C:\Users\Sivakorn\Documents\GitHub\MovieBooking\MovieBookingFx\database\Movie.odb' is opened by 10588@DESKTOP-R5U8ELA

[2560-12-11 13:20:10 #3 store] 
Configuration path: C:\Users\Sivakorn\Documents\GitHub\MovieBooking\objectdb\objectdb.conf

[2560-12-11 13:21:14 #4 store] 
Database 'C:\Users\Sivakorn\Documents\GitHub\MovieBooking\MovieBookingFx\database\Movie.odb' is closed by 10588@DESKTOP-R5U8ELA

------------------------------------------------------------------------------------------------------------------------

[2560-12-11 13:47:19 #1 store] 
Database 'C:\Users\Sivakorn\Documents\GitHub\MovieBooking\MovieBookingFx\database\Movie.odb' is opened by 15740@DESKTOP-R5U8ELA

[2560-12-11 13:47:19 #2 store] 
Configuration path: C:\Users\Sivakorn\Documents\GitHub\MovieBooking\objectdb\objectdb.conf

[2560-12-11 13:47:25 #3 store] 
Database 'C:\Users\Sivakorn\Documents\GitHub\MovieBooking\MovieBookingFx\database\Movie.odb' is closed by 15740@DESKTOP-R5U8ELA

------------------------------------------------------------------------------------------------------------------------

[2560-12-11 19:00:52 #1 explorer] 
[ObjectDB 2.7.2_08] javax.persistence.PersistenceException
Attempt to open a database file 'C:\Users\terkg\Documents\GitHub\MovieBooking\MovieBookingFx\database\Movie.odb' that is currently in use by another process (error 141)
	at com.objectdb.Explorer$1.run(Explorer.java:57)
	at java.awt.event.InvocationEvent.dispatch(Unknown Source)
	at java.awt.EventQueue.dispatchEventImpl(Unknown Source)
	at java.awt.EventQueue.access$500(Unknown Source)
	at java.awt.EventQueue$3.run(Unknown Source)
	at java.awt.EventQueue$3.run(Unknown Source)
	at java.security.AccessController.doPrivileged(Native Method)
	at java.security.ProtectionDomain$JavaSecurityAccessImpl.doIntersectionPrivilege(Unknown Source)
	at java.awt.EventQueue.dispatchEvent(Unknown Source)
	at java.awt.EventDispatchThread.pumpOneEventForFilters(Unknown Source)
	at java.awt.EventDispatchThread.pumpEventsForFilter(Unknown Source)
	at java.awt.EventDispatchThread.pumpEventsForHierarchy(Unknown Source)
	at java.awt.EventDispatchThread.pumpEvents(Unknown Source)
	at java.awt.EventDispatchThread.pumpEvents(Unknown Source)
	at java.awt.EventDispatchThread.run(Unknown Source)
Caused by: com.objectdb.o.UserException: Attempt to open a database file 'C:\Users\terkg\Documents\GitHub\MovieBooking\MovieBookingFx\database\Movie.odb' that is currently in use by another process
	at com.objectdb.o.MSG.a(MSG.java:64)
	at com.objectdb.o.LFL.J(LFL.java:930)
	at com.objectdb.o.LFL.x(LFL.java:887)
	at com.objectdb.o.LFL.x(LFL.java:797)
	at com.objectdb.o.DFL.<init>(DFL.java:241)
	at com.objectdb.o.DMG.<init>(DMG.java:27)
	at com.objectdb.o.MST.<init>(MST.java:127)
	at com.objectdb.o.MST.ao(MST.java:109)
	at com.objectdb.o.MSF.Y1(MSF.java:190)
	at com.objectdb.o.OMF.r(OMF.java:783)
	at com.objectdb.jpa.EMF.r(EMF.java:130)
	at com.objectdb.o.OMF.w(OMF.java:694)
	at com.objectdb.jpa.EMF.createEntityManager(EMF.java:149)
	... 17 more

------------------------------------------------------------------------------------------------------------------------

[2560-12-11 19:00:58 #1 explorer] 
[ObjectDB 2.7.2_08] javax.persistence.PersistenceException
Attempt to open a database file 'C:\Users\terkg\Documents\GitHub\MovieBooking\MovieBookingFx\database\Movie.odb' that is currently in use by another process (error 141)
	at com.objectdb.Explorer$1.run(Explorer.java:57)
	at java.awt.event.InvocationEvent.dispatch(Unknown Source)
	at java.awt.EventQueue.dispatchEventImpl(Unknown Source)
	at java.awt.EventQueue.access$500(Unknown Source)
	at java.awt.EventQueue$3.run(Unknown Source)
	at java.awt.EventQueue$3.run(Unknown Source)
	at java.security.AccessController.doPrivileged(Native Method)
	at java.security.ProtectionDomain$JavaSecurityAccessImpl.doIntersectionPrivilege(Unknown Source)
	at java.awt.EventQueue.dispatchEvent(Unknown Source)
	at java.awt.EventDispatchThread.pumpOneEventForFilters(Unknown Source)
	at java.awt.EventDispatchThread.pumpEventsForFilter(Unknown Source)
	at java.awt.EventDispatchThread.pumpEventsForHierarchy(Unknown Source)
	at java.awt.EventDispatchThread.pumpEvents(Unknown Source)
	at java.awt.EventDispatchThread.pumpEvents(Unknown Source)
	at java.awt.EventDispatchThread.run(Unknown Source)
Caused by: com.objectdb.o.UserException: Attempt to open a database file 'C:\Users\terkg\Documents\GitHub\MovieBooking\MovieBookingFx\database\Movie.odb' that is currently in use by another process
	at com.objectdb.o.MSG.a(MSG.java:64)
	at com.objectdb.o.LFL.J(LFL.java:930)
	at com.objectdb.o.LFL.x(LFL.java:887)
	at com.objectdb.o.LFL.x(LFL.java:797)
	at com.objectdb.o.DFL.<init>(DFL.java:241)
	at com.objectdb.o.DMG.<init>(DMG.java:27)
	at com.objectdb.o.MST.<init>(MST.java:127)
	at com.objectdb.o.MST.ao(MST.java:109)
	at com.objectdb.o.MSF.Y1(MSF.java:190)
	at com.objectdb.o.OMF.r(OMF.java:783)
	at com.objectdb.jpa.EMF.r(EMF.java:130)
	at com.objectdb.o.OMF.w(OMF.java:694)
	at com.objectdb.jpa.EMF.createEntityManager(EMF.java:149)
	... 17 more

------------------------------------------------------------------------------------------------------------------------

[2560-12-11 19:01:05 #1 store] 
Database 'C:\Users\terkg\Documents\GitHub\MovieBooking\MovieBookingFx\database\Movie.odb' is opened by 10560@DESKTOP-KCNIK4J

[2560-12-11 19:01:05 #2 store] 
Configuration path: C:\Users\terkg\Documents\GitHub\MovieBooking\objectdb\objectdb.conf

[2560-12-11 19:16:02 #3 store] 
Database 'C:\Users\terkg\Documents\GitHub\MovieBooking\MovieBookingFx\database\Movie.odb' is closed by 10560@DESKTOP-KCNIK4J

------------------------------------------------------------------------------------------------------------------------

[2560-12-11 21:34:58 #1 store] 
Database 'C:\Users\terkg\Documents\GitHub\MovieBooking\MovieBookingFx\database\Movie.odb' is opened by 6772@DESKTOP-KCNIK4J

[2560-12-11 21:34:58 #2 store] 
Configuration path: C:\Users\terkg\Documents\GitHub\MovieBooking\objectdb\objectdb.conf

[2560-12-11 21:35:04 #3 store] 
Database 'C:\Users\terkg\Documents\GitHub\MovieBooking\MovieBookingFx\database\Movie.odb' is closed by 6772@DESKTOP-KCNIK4J

------------------------------------------------------------------------------------------------------------------------

[2560-12-11 21:47:28 #1 store] 
Database 'C:\Users\terkg\Documents\GitHub\MovieBooking\MovieBookingFx\database\Movie.odb' is opened by 10732@DESKTOP-KCNIK4J

[2560-12-11 21:47:28 #2 store] 
Configuration path: C:\Users\terkg\Documents\GitHub\MovieBooking\objectdb\objectdb.conf

[2560-12-11 21:47:35 #3 store] 
Database 'C:\Users\terkg\Documents\GitHub\MovieBooking\MovieBookingFx\database\Movie.odb' is closed by 10732@DESKTOP-KCNIK4J

------------------------------------------------------------------------------------------------------------------------

[2560-12-11 21:51:33 #1 store] 
Database 'C:\Users\terkg\Documents\GitHub\MovieBooking\MovieBookingFx\database\Movie.odb' has been recovered (tr. 67-67)

[2560-12-11 21:51:33 #2 store] 
Database 'C:\Users\terkg\Documents\GitHub\MovieBooking\MovieBookingFx\database\Movie.odb' is opened by 10904@DESKTOP-KCNIK4J

[2560-12-11 21:51:33 #3 store] 
Configuration path: C:\Users\terkg\Documents\GitHub\MovieBooking\objectdb\objectdb.conf

[2560-12-11 21:51:46 #4 store] 
Database 'C:\Users\terkg\Documents\GitHub\MovieBooking\MovieBookingFx\database\Movie.odb' is closed by 10904@DESKTOP-KCNIK4J

------------------------------------------------------------------------------------------------------------------------

[2560-12-11 23:00:28 #1 store] 
Database 'C:\Users\terkg\Documents\GitHub\MovieBooking\MovieBookingFx\database\Movie.odb' is opened by 2588@DESKTOP-KCNIK4J

[2560-12-11 23:00:28 #2 store] 
Configuration path: C:\Users\terkg\Documents\GitHub\MovieBooking\objectdb\objectdb.conf

[2560-12-11 23:00:34 #3 store] 
Database 'C:\Users\terkg\Documents\GitHub\MovieBooking\MovieBookingFx\database\Movie.odb' is closed by 2588@DESKTOP-KCNIK4J

