------------------------------------------------------------------------------------------------------------------------

[2560-11-22 10:44:52 #1 store] 
Database 'C:\Users\Sivakorn\Documents\GitHub\MovieBooking\MovieBookingFx\dist\run2008528025\db\Movie.odb' is opened by 3388@DESKTOP-R5U8ELA

[2560-11-22 10:44:52 #2 store] 
Configuration path: C:\Users\Sivakorn\Documents\GitHub\MovieBooking\objectdb-2.7.2_08\objectdb.conf

[2560-11-22 10:45:24 #3 store] 
Database 'C:\Users\Sivakorn\Documents\GitHub\MovieBooking\MovieBookingFx\dist\run2008528025\db\Movie.odb' is closed by 3388@DESKTOP-R5U8ELA

------------------------------------------------------------------------------------------------------------------------

[2560-11-22 10:45:41 #1 store] 
Database 'C:\Users\Sivakorn\Documents\GitHub\MovieBooking\MovieBookingFx\dist\run2008528025\db\Movie.odb' is opened by 7040@DESKTOP-R5U8ELA

[2560-11-22 10:45:41 #2 store] 
Configuration path: C:\Users\Sivakorn\Documents\GitHub\MovieBooking\objectdb-2.7.2_08\objectdb.conf

[2560-11-22 10:46:14 #3 store] 
Database 'C:\Users\Sivakorn\Documents\GitHub\MovieBooking\MovieBookingFx\dist\run2008528025\db\Movie.odb' is closed by 7040@DESKTOP-R5U8ELA

[2560-11-22 10:46:14 #4 store] 
Database 'C:\Users\Sivakorn\Documents\GitHub\MovieBooking\MovieBookingFx\dist\run2008528025\db\Movie.odb' is opened by 7040@DESKTOP-R5U8ELA

[2560-11-22 10:46:14 #5 store] 
Configuration path: C:\Users\Sivakorn\Documents\GitHub\MovieBooking\objectdb-2.7.2_08\objectdb.conf

[2560-11-22 10:46:38 #6 store] 
Database 'C:\Users\Sivakorn\Documents\GitHub\MovieBooking\MovieBookingFx\dist\run2008528025\db\Movie.odb' is closed by 7040@DESKTOP-R5U8ELA

[2560-11-22 10:46:38 #7 store] 
Database 'C:\Users\Sivakorn\Documents\GitHub\MovieBooking\MovieBookingFx\dist\run2008528025\db\Movie.odb' is opened by 7040@DESKTOP-R5U8ELA

[2560-11-22 10:46:38 #8 store] 
Configuration path: C:\Users\Sivakorn\Documents\GitHub\MovieBooking\objectdb-2.7.2_08\objectdb.conf

[2560-11-22 10:57:01 #9 store] 
Database 'C:\Users\Sivakorn\Documents\GitHub\MovieBooking\MovieBookingFx\dist\run2008528025\db\Movie.odb' is closed by 7040@DESKTOP-R5U8ELA

[2560-11-22 10:57:16 #10 explorer] 
[ObjectDB 2.7.2_08] javax.persistence.PersistenceException
Attempt to open a database file 'C:\Users\Sivakorn\Documents\GitHub\MovieBooking\MovieBookingFx\dist\run399251359\db\Movie.odb' that is currently in use by another process (error 141)
	at java.desktop/javax.swing.Timer.fireActionPerformed(Unknown Source)
	at java.desktop/javax.swing.Timer$DoPostEvent.run(Unknown Source)
	at java.desktop/java.awt.event.InvocationEvent.dispatch(Unknown Source)
	at java.desktop/java.awt.EventQueue.dispatchEventImpl(Unknown Source)
	at java.desktop/java.awt.EventQueue.access$500(Unknown Source)
	at java.desktop/java.awt.EventQueue$3.run(Unknown Source)
	at java.desktop/java.awt.EventQueue$3.run(Unknown Source)
	at java.base/java.security.AccessController.doPrivileged(Native Method)
	at java.base/java.security.ProtectionDomain$JavaSecurityAccessImpl.doIntersectionPrivilege(Unknown Source)
	at java.desktop/java.awt.EventQueue.dispatchEvent(Unknown Source)
	at java.desktop/java.awt.EventDispatchThread.pumpOneEventForFilters(Unknown Source)
	at java.desktop/java.awt.EventDispatchThread.pumpEventsForFilter(Unknown Source)
	at java.desktop/java.awt.EventDispatchThread.pumpEventsForHierarchy(Unknown Source)
	at java.desktop/java.awt.EventDispatchThread.pumpEvents(Unknown Source)
	at java.desktop/java.awt.EventDispatchThread.pumpEvents(Unknown Source)
	at java.desktop/java.awt.EventDispatchThread.run(Unknown Source)
Caused by: com.objectdb.o.UserException: Attempt to open a database file 'C:\Users\Sivakorn\Documents\GitHub\MovieBooking\MovieBookingFx\dist\run399251359\db\Movie.odb' that is currently in use by another process
	at com.objectdb.o.MSG.a(MSG.java:64)
	at com.objectdb.o.LFL.J(LFL.java:930)
	at com.objectdb.o.LFL.x(LFL.java:887)
	at com.objectdb.o.LFL.x(LFL.java:797)
	at com.objectdb.o.DFL.<init>(DFL.java:241)
	at com.objectdb.o.DMG.<init>(DMG.java:27)
	at com.objectdb.o.MST.<init>(MST.java:127)
	at com.objectdb.o.MST.ao(MST.java:109)
	at com.objectdb.o.MSF.Y1(MSF.java:190)
	at com.objectdb.o.OMF.r(OMF.java:783)
	at com.objectdb.jpa.EMF.r(EMF.java:130)
	at com.objectdb.o.OMF.w(OMF.java:694)
	at com.objectdb.jpa.EMF.createEntityManager(EMF.java:149)
	... 18 more

------------------------------------------------------------------------------------------------------------------------

[2560-11-22 11:02:43 #1 store] 
Database 'C:\Users\Sivakorn\Documents\GitHub\MovieBooking\MovieBookingFx\dist\run1709840814\db\Movie.odb' is opened by 9836@DESKTOP-R5U8ELA

[2560-11-22 11:02:43 #2 store] 
Configuration path: C:\Users\Sivakorn\Documents\GitHub\MovieBooking\objectdb\objectdb.conf

[2560-11-22 11:03:21 #3 store] 
Database 'C:\Users\Sivakorn\Documents\GitHub\MovieBooking\MovieBookingFx\dist\run1709840814\db\Movie.odb' is closed by 9836@DESKTOP-R5U8ELA

[2560-11-22 11:03:21 #4 store] 
Database 'C:\Users\Sivakorn\Documents\GitHub\MovieBooking\MovieBookingFx\dist\run1709840814\db\Movie.odb' is opened by 9836@DESKTOP-R5U8ELA

[2560-11-22 11:03:21 #5 store] 
Configuration path: C:\Users\Sivakorn\Documents\GitHub\MovieBooking\objectdb\objectdb.conf

[2560-11-22 11:08:29 #6 store] 
Database 'C:\Users\Sivakorn\Documents\GitHub\MovieBooking\MovieBookingFx\dist\run1709840814\db\Movie.odb' is closed by 9836@DESKTOP-R5U8ELA

------------------------------------------------------------------------------------------------------------------------

[2560-11-22 11:08:54 #1 store] 
Database 'C:\Users\Sivakorn\Documents\GitHub\MovieBooking\MovieBookingFx\dist\run1528270432\db\Movie.odb' is opened by 1696@DESKTOP-R5U8ELA

[2560-11-22 11:08:54 #2 store] 
Configuration path: C:\Users\Sivakorn\Documents\GitHub\MovieBooking\objectdb\objectdb.conf

[2560-11-22 11:11:01 #3 store] 
Database 'C:\Users\Sivakorn\Documents\GitHub\MovieBooking\MovieBookingFx\dist\run1528270432\db\Movie.odb' is closed by 1696@DESKTOP-R5U8ELA

[2560-11-22 11:11:01 #4 store] 
Database 'C:\Users\Sivakorn\Documents\GitHub\MovieBooking\MovieBookingFx\dist\run1528270432\db\Movie.odb' is opened by 1696@DESKTOP-R5U8ELA

[2560-11-22 11:11:01 #5 store] 
Configuration path: C:\Users\Sivakorn\Documents\GitHub\MovieBooking\objectdb\objectdb.conf

[2560-11-22 11:11:07 #6 store] 
Database 'C:\Users\Sivakorn\Documents\GitHub\MovieBooking\MovieBookingFx\dist\run1528270432\db\Movie.odb' is closed by 1696@DESKTOP-R5U8ELA

------------------------------------------------------------------------------------------------------------------------

[2560-11-22 11:11:44 #1 store] 
Database 'C:\Users\Sivakorn\Documents\GitHub\MovieBooking\MovieBookingFx\dist\run1528270432\db\Movie.odb' is opened by 9520@DESKTOP-R5U8ELA

[2560-11-22 11:11:44 #2 store] 
Configuration path: C:\Users\Sivakorn\Documents\GitHub\MovieBooking\objectdb\objectdb.conf

[2560-11-22 11:12:04 #3 explorer] 
com.objectdb.o.UserException: Failed to create a new directory 'C:\Users\Sivakorn\Documents\GitHub\MovieBooking'
	at com.objectdb.o.MSG.a(MSG.java:64)
	at com.objectdb.o.LFL.a(LFL.java:455)
	at com.objectdb.o.LFL.j(LFL.java:641)
	at com.objectdb.o.FLM.j(FLM.java:195)
	at com.objectdb.o.FTR.valueForPathChanged(FTR.java:647)
	at java.desktop/javax.swing.plaf.basic.BasicTreeUI.completeEditing(Unknown Source)
	at java.desktop/javax.swing.plaf.basic.BasicTreeUI$Handler.editingStopped(Unknown Source)
	at java.desktop/javax.swing.AbstractCellEditor.fireEditingStopped(Unknown Source)
	at java.desktop/javax.swing.DefaultCellEditor$EditorDelegate.stopCellEditing(Unknown Source)
	at java.desktop/javax.swing.DefaultCellEditor.stopCellEditing(Unknown Source)
	at java.desktop/javax.swing.tree.DefaultTreeCellEditor.stopCellEditing(Unknown Source)
	at java.desktop/javax.swing.plaf.basic.BasicTreeUI.stopEditing(Unknown Source)
	at java.desktop/javax.swing.plaf.basic.BasicTreeUI$Handler.mousePressed(Unknown Source)
	at java.desktop/java.awt.AWTEventMulticaster.mousePressed(Unknown Source)
	at java.desktop/java.awt.Component.processMouseEvent(Unknown Source)
	at java.desktop/javax.swing.JComponent.processMouseEvent(Unknown Source)
	at java.desktop/java.awt.Component.processEvent(Unknown Source)
	at java.desktop/java.awt.Container.processEvent(Unknown Source)
	at java.desktop/java.awt.Component.dispatchEventImpl(Unknown Source)
	at java.desktop/java.awt.Container.dispatchEventImpl(Unknown Source)
	at java.desktop/java.awt.Component.dispatchEvent(Unknown Source)
	at java.desktop/java.awt.LightweightDispatcher.retargetMouseEvent(Unknown Source)
	at java.desktop/java.awt.LightweightDispatcher.processMouseEvent(Unknown Source)
	at java.desktop/java.awt.LightweightDispatcher.dispatchEvent(Unknown Source)
	at java.desktop/java.awt.Container.dispatchEventImpl(Unknown Source)
	at java.desktop/java.awt.Window.dispatchEventImpl(Unknown Source)
	at java.desktop/java.awt.Component.dispatchEvent(Unknown Source)
	at java.desktop/java.awt.EventQueue.dispatchEventImpl(Unknown Source)
	at java.desktop/java.awt.EventQueue.access$500(Unknown Source)
	at java.desktop/java.awt.EventQueue$3.run(Unknown Source)
	at java.desktop/java.awt.EventQueue$3.run(Unknown Source)
	at java.base/java.security.AccessController.doPrivileged(Native Method)
	at java.base/java.security.ProtectionDomain$JavaSecurityAccessImpl.doIntersectionPrivilege(Unknown Source)
	at java.base/java.security.ProtectionDomain$JavaSecurityAccessImpl.doIntersectionPrivilege(Unknown Source)
	at java.desktop/java.awt.EventQueue$4.run(Unknown Source)
	at java.desktop/java.awt.EventQueue$4.run(Unknown Source)
	at java.base/java.security.AccessController.doPrivileged(Native Method)
	at java.base/java.security.ProtectionDomain$JavaSecurityAccessImpl.doIntersectionPrivilege(Unknown Source)
	at java.desktop/java.awt.EventQueue.dispatchEvent(Unknown Source)
	at java.desktop/java.awt.EventDispatchThread.pumpOneEventForFilters(Unknown Source)
	at java.desktop/java.awt.EventDispatchThread.pumpEventsForFilter(Unknown Source)
	at java.desktop/java.awt.EventDispatchThread.pumpEventsForFilter(Unknown Source)
	at java.desktop/java.awt.WaitDispatchSupport$2.run(Unknown Source)
	at java.desktop/java.awt.WaitDispatchSupport$4.run(Unknown Source)
	at java.desktop/java.awt.WaitDispatchSupport$4.run(Unknown Source)
	at java.base/java.security.AccessController.doPrivileged(Native Method)
	at java.desktop/java.awt.WaitDispatchSupport.enter(Unknown Source)
	at java.desktop/java.awt.Dialog.show(Unknown Source)
	at java.desktop/java.awt.Component.show(Unknown Source)
	at java.desktop/java.awt.Component.setVisible(Unknown Source)
	at java.desktop/java.awt.Window.setVisible(Unknown Source)
	at java.desktop/java.awt.Dialog.setVisible(Unknown Source)
	at com.objectdb.o.RTR.f(RTR.java:195)
	at com.objectdb.o.RTR.Zk(RTR.java:83)
	at com.objectdb.o.Command.actionPerformed(Command.java:472)
	at java.desktop/javax.swing.AbstractButton.fireActionPerformed(Unknown Source)
	at java.desktop/javax.swing.AbstractButton$Handler.actionPerformed(Unknown Source)
	at java.desktop/javax.swing.DefaultButtonModel.fireActionPerformed(Unknown Source)
	at java.desktop/javax.swing.DefaultButtonModel.setPressed(Unknown Source)
	at java.desktop/javax.swing.plaf.basic.BasicButtonListener.mouseReleased(Unknown Source)
	at java.desktop/java.awt.AWTEventMulticaster.mouseReleased(Unknown Source)
	at java.desktop/java.awt.AWTEventMulticaster.mouseReleased(Unknown Source)
	at java.desktop/java.awt.Component.processMouseEvent(Unknown Source)
	at java.desktop/javax.swing.JComponent.processMouseEvent(Unknown Source)
	at java.desktop/java.awt.Component.processEvent(Unknown Source)
	at java.desktop/java.awt.Container.processEvent(Unknown Source)
	at java.desktop/java.awt.Component.dispatchEventImpl(Unknown Source)
	at java.desktop/java.awt.Container.dispatchEventImpl(Unknown Source)
	at java.desktop/java.awt.Component.dispatchEvent(Unknown Source)
	at java.desktop/java.awt.LightweightDispatcher.retargetMouseEvent(Unknown Source)
	at java.desktop/java.awt.LightweightDispatcher.processMouseEvent(Unknown Source)
	at java.desktop/java.awt.LightweightDispatcher.dispatchEvent(Unknown Source)
	at java.desktop/java.awt.Container.dispatchEventImpl(Unknown Source)
	at java.desktop/java.awt.Window.dispatchEventImpl(Unknown Source)
	at java.desktop/java.awt.Component.dispatchEvent(Unknown Source)
	at java.desktop/java.awt.EventQueue.dispatchEventImpl(Unknown Source)
	at java.desktop/java.awt.EventQueue.access$500(Unknown Source)
	at java.desktop/java.awt.EventQueue$3.run(Unknown Source)
	at java.desktop/java.awt.EventQueue$3.run(Unknown Source)
	at java.base/java.security.AccessController.doPrivileged(Native Method)
	at java.base/java.security.ProtectionDomain$JavaSecurityAccessImpl.doIntersectionPrivilege(Unknown Source)
	at java.base/java.security.ProtectionDomain$JavaSecurityAccessImpl.doIntersectionPrivilege(Unknown Source)
	at java.desktop/java.awt.EventQueue$4.run(Unknown Source)
	at java.desktop/java.awt.EventQueue$4.run(Unknown Source)
	at java.base/java.security.AccessController.doPrivileged(Native Method)
	at java.base/java.security.ProtectionDomain$JavaSecurityAccessImpl.doIntersectionPrivilege(Unknown Source)
	at java.desktop/java.awt.EventQueue.dispatchEvent(Unknown Source)
	at java.desktop/java.awt.EventDispatchThread.pumpOneEventForFilters(Unknown Source)
	at java.desktop/java.awt.EventDispatchThread.pumpEventsForFilter(Unknown Source)
	at java.desktop/java.awt.EventDispatchThread.pumpEventsForHierarchy(Unknown Source)
	at java.desktop/java.awt.EventDispatchThread.pumpEvents(Unknown Source)
	at java.desktop/java.awt.EventDispatchThread.pumpEvents(Unknown Source)
	at java.desktop/java.awt.EventDispatchThread.run(Unknown Source)

[2560-11-22 11:12:12 #4 store] 
Database 'C:\Users\Sivakorn\Documents\GitHub\MovieBooking\MovieBookingFx\dist\run1528270432\db\Movie.odb' is closed by 9520@DESKTOP-R5U8ELA

[2560-11-22 11:12:12 #5 store] 
Database 'C:\Users\Sivakorn\Documents\GitHub\MovieBooking\objectdb\db\world.odb' is opened by 9520@DESKTOP-R5U8ELA

[2560-11-22 11:12:12 #6 store] 
Configuration path: C:\Users\Sivakorn\Documents\GitHub\MovieBooking\objectdb\objectdb.conf

[2560-11-22 11:14:11 #7 explorer] 
com.objectdb.o.UserException: Failed to create a new directory 'C:\Users\Sivakorn\Documents\GitHub\MovieBooking\MovieBookingFx\dist\run888472653'
	at com.objectdb.o.MSG.a(MSG.java:64)
	at com.objectdb.o.LFL.a(LFL.java:455)
	at com.objectdb.o.LFL.j(LFL.java:641)
	at com.objectdb.o.FLM.j(FLM.java:195)
	at com.objectdb.o.FTR.valueForPathChanged(FTR.java:647)
	at java.desktop/javax.swing.plaf.basic.BasicTreeUI.completeEditing(Unknown Source)
	at java.desktop/javax.swing.plaf.basic.BasicTreeUI$Handler.editingStopped(Unknown Source)
	at java.desktop/javax.swing.AbstractCellEditor.fireEditingStopped(Unknown Source)
	at java.desktop/javax.swing.DefaultCellEditor$EditorDelegate.stopCellEditing(Unknown Source)
	at java.desktop/javax.swing.DefaultCellEditor.stopCellEditing(Unknown Source)
	at java.desktop/javax.swing.tree.DefaultTreeCellEditor.stopCellEditing(Unknown Source)
	at java.desktop/javax.swing.plaf.basic.BasicTreeUI.stopEditing(Unknown Source)
	at java.desktop/javax.swing.plaf.basic.BasicTreeUI$Handler.mousePressed(Unknown Source)
	at java.desktop/java.awt.AWTEventMulticaster.mousePressed(Unknown Source)
	at java.desktop/java.awt.Component.processMouseEvent(Unknown Source)
	at java.desktop/javax.swing.JComponent.processMouseEvent(Unknown Source)
	at java.desktop/java.awt.Component.processEvent(Unknown Source)
	at java.desktop/java.awt.Container.processEvent(Unknown Source)
	at java.desktop/java.awt.Component.dispatchEventImpl(Unknown Source)
	at java.desktop/java.awt.Container.dispatchEventImpl(Unknown Source)
	at java.desktop/java.awt.Component.dispatchEvent(Unknown Source)
	at java.desktop/java.awt.LightweightDispatcher.retargetMouseEvent(Unknown Source)
	at java.desktop/java.awt.LightweightDispatcher.processMouseEvent(Unknown Source)
	at java.desktop/java.awt.LightweightDispatcher.dispatchEvent(Unknown Source)
	at java.desktop/java.awt.Container.dispatchEventImpl(Unknown Source)
	at java.desktop/java.awt.Window.dispatchEventImpl(Unknown Source)
	at java.desktop/java.awt.Component.dispatchEvent(Unknown Source)
	at java.desktop/java.awt.EventQueue.dispatchEventImpl(Unknown Source)
	at java.desktop/java.awt.EventQueue.access$500(Unknown Source)
	at java.desktop/java.awt.EventQueue$3.run(Unknown Source)
	at java.desktop/java.awt.EventQueue$3.run(Unknown Source)
	at java.base/java.security.AccessController.doPrivileged(Native Method)
	at java.base/java.security.ProtectionDomain$JavaSecurityAccessImpl.doIntersectionPrivilege(Unknown Source)
	at java.base/java.security.ProtectionDomain$JavaSecurityAccessImpl.doIntersectionPrivilege(Unknown Source)
	at java.desktop/java.awt.EventQueue$4.run(Unknown Source)
	at java.desktop/java.awt.EventQueue$4.run(Unknown Source)
	at java.base/java.security.AccessController.doPrivileged(Native Method)
	at java.base/java.security.ProtectionDomain$JavaSecurityAccessImpl.doIntersectionPrivilege(Unknown Source)
	at java.desktop/java.awt.EventQueue.dispatchEvent(Unknown Source)
	at java.desktop/java.awt.EventDispatchThread.pumpOneEventForFilters(Unknown Source)
	at java.desktop/java.awt.EventDispatchThread.pumpEventsForFilter(Unknown Source)
	at java.desktop/java.awt.EventDispatchThread.pumpEventsForFilter(Unknown Source)
	at java.desktop/java.awt.WaitDispatchSupport$2.run(Unknown Source)
	at java.desktop/java.awt.WaitDispatchSupport$4.run(Unknown Source)
	at java.desktop/java.awt.WaitDispatchSupport$4.run(Unknown Source)
	at java.base/java.security.AccessController.doPrivileged(Native Method)
	at java.desktop/java.awt.WaitDispatchSupport.enter(Unknown Source)
	at java.desktop/java.awt.Dialog.show(Unknown Source)
	at java.desktop/java.awt.Component.show(Unknown Source)
	at java.desktop/java.awt.Component.setVisible(Unknown Source)
	at java.desktop/java.awt.Window.setVisible(Unknown Source)
	at java.desktop/java.awt.Dialog.setVisible(Unknown Source)
	at com.objectdb.o.RTR.f(RTR.java:195)
	at com.objectdb.o.RTR.Zk(RTR.java:83)
	at com.objectdb.o.Command.actionPerformed(Command.java:472)
	at java.desktop/javax.swing.AbstractButton.fireActionPerformed(Unknown Source)
	at java.desktop/javax.swing.AbstractButton$Handler.actionPerformed(Unknown Source)
	at java.desktop/javax.swing.DefaultButtonModel.fireActionPerformed(Unknown Source)
	at java.desktop/javax.swing.DefaultButtonModel.setPressed(Unknown Source)
	at java.desktop/javax.swing.AbstractButton.doClick(Unknown Source)
	at java.desktop/javax.swing.plaf.basic.BasicMenuItemUI.doClick(Unknown Source)
	at java.desktop/javax.swing.plaf.basic.BasicMenuItemUI$Handler.mouseReleased(Unknown Source)
	at java.desktop/java.awt.Component.processMouseEvent(Unknown Source)
	at java.desktop/javax.swing.JComponent.processMouseEvent(Unknown Source)
	at java.desktop/java.awt.Component.processEvent(Unknown Source)
	at java.desktop/java.awt.Container.processEvent(Unknown Source)
	at java.desktop/java.awt.Component.dispatchEventImpl(Unknown Source)
	at java.desktop/java.awt.Container.dispatchEventImpl(Unknown Source)
	at java.desktop/java.awt.Component.dispatchEvent(Unknown Source)
	at java.desktop/java.awt.LightweightDispatcher.retargetMouseEvent(Unknown Source)
	at java.desktop/java.awt.LightweightDispatcher.processMouseEvent(Unknown Source)
	at java.desktop/java.awt.LightweightDispatcher.dispatchEvent(Unknown Source)
	at java.desktop/java.awt.Container.dispatchEventImpl(Unknown Source)
	at java.desktop/java.awt.Window.dispatchEventImpl(Unknown Source)
	at java.desktop/java.awt.Component.dispatchEvent(Unknown Source)
	at java.desktop/java.awt.EventQueue.dispatchEventImpl(Unknown Source)
	at java.desktop/java.awt.EventQueue.access$500(Unknown Source)
	at java.desktop/java.awt.EventQueue$3.run(Unknown Source)
	at java.desktop/java.awt.EventQueue$3.run(Unknown Source)
	at java.base/java.security.AccessController.doPrivileged(Native Method)
	at java.base/java.security.ProtectionDomain$JavaSecurityAccessImpl.doIntersectionPrivilege(Unknown Source)
	at java.base/java.security.ProtectionDomain$JavaSecurityAccessImpl.doIntersectionPrivilege(Unknown Source)
	at java.desktop/java.awt.EventQueue$4.run(Unknown Source)
	at java.desktop/java.awt.EventQueue$4.run(Unknown Source)
	at java.base/java.security.AccessController.doPrivileged(Native Method)
	at java.base/java.security.ProtectionDomain$JavaSecurityAccessImpl.doIntersectionPrivilege(Unknown Source)
	at java.desktop/java.awt.EventQueue.dispatchEvent(Unknown Source)
	at java.desktop/java.awt.EventDispatchThread.pumpOneEventForFilters(Unknown Source)
	at java.desktop/java.awt.EventDispatchThread.pumpEventsForFilter(Unknown Source)
	at java.desktop/java.awt.EventDispatchThread.pumpEventsForHierarchy(Unknown Source)
	at java.desktop/java.awt.EventDispatchThread.pumpEvents(Unknown Source)
	at java.desktop/java.awt.EventDispatchThread.pumpEvents(Unknown Source)
	at java.desktop/java.awt.EventDispatchThread.run(Unknown Source)

[2560-11-22 11:14:13 #8 store] 
Database 'C:\Users\Sivakorn\Documents\GitHub\MovieBooking\objectdb\db\world.odb' is closed by 9520@DESKTOP-R5U8ELA

[2560-11-22 11:14:13 #9 store] 
Database 'C:\Users\Sivakorn\Documents\GitHub\MovieBooking\MovieBookingFx\dist\run888472653\db\points.odb' is opened by 9520@DESKTOP-R5U8ELA

[2560-11-22 11:14:13 #10 store] 
Configuration path: C:\Users\Sivakorn\Documents\GitHub\MovieBooking\objectdb\objectdb.conf

[2560-11-22 11:16:01 #11 store] 
Database 'C:\Users\Sivakorn\Documents\GitHub\MovieBooking\MovieBookingFx\dist\run888472653\db\points.odb' is closed by 9520@DESKTOP-R5U8ELA

[2560-11-22 11:16:01 #12 store] 
Database 'C:\Users\Sivakorn\Documents\GitHub\MovieBooking\MovieBookingFx\dist\run888472653\db\points.odb' is opened by 9520@DESKTOP-R5U8ELA

[2560-11-22 11:16:01 #13 store] 
Configuration path: C:\Users\Sivakorn\Documents\GitHub\MovieBooking\objectdb\objectdb.conf

[2560-11-22 11:17:27 #14 store] 
Database 'C:\Users\Sivakorn\Documents\GitHub\MovieBooking\MovieBookingFx\dist\run888472653\db\points.odb' is closed by 9520@DESKTOP-R5U8ELA

------------------------------------------------------------------------------------------------------------------------

[2560-11-22 11:18:05 #1 store] 
Database 'C:\Users\Sivakorn\Documents\GitHub\MovieBooking\MovieBookingFx\dist\run1456220815\db\points.odb' is opened by 14880@DESKTOP-R5U8ELA

[2560-11-22 11:18:05 #2 store] 
Configuration path: C:\Users\Sivakorn\Documents\GitHub\MovieBooking\objectdb\objectdb.conf

[2560-11-22 11:18:16 #3 store] 
Database 'C:\Users\Sivakorn\Documents\GitHub\MovieBooking\MovieBookingFx\dist\run1456220815\db\points.odb' is closed by 14880@DESKTOP-R5U8ELA

[2560-11-22 11:18:16 #4 store] 
Database 'C:\Users\Sivakorn\Documents\GitHub\MovieBooking\MovieBookingFx\dist\run1456220815\db\points.odb' is opened by 14880@DESKTOP-R5U8ELA

[2560-11-22 11:18:16 #5 store] 
Configuration path: C:\Users\Sivakorn\Documents\GitHub\MovieBooking\objectdb\objectdb.conf

[2560-11-22 11:18:19 #6 store] 
Database 'C:\Users\Sivakorn\Documents\GitHub\MovieBooking\MovieBookingFx\dist\run1456220815\db\points.odb' is closed by 14880@DESKTOP-R5U8ELA

------------------------------------------------------------------------------------------------------------------------

[2560-11-22 11:19:40 #1 store] 
Database 'C:\Users\Sivakorn\Documents\GitHub\MovieBooking\MovieBookingFx\dist\run515574145\db\points.odb' is opened by 12392@DESKTOP-R5U8ELA

[2560-11-22 11:19:40 #2 store] 
Configuration path: C:\Users\Sivakorn\Documents\GitHub\MovieBooking\objectdb\objectdb.conf

[2560-11-22 11:19:48 #3 store] 
Database 'C:\Users\Sivakorn\Documents\GitHub\MovieBooking\MovieBookingFx\dist\run515574145\db\points.odb' is closed by 12392@DESKTOP-R5U8ELA

[2560-11-22 11:19:48 #4 store] 
Database 'C:\Users\Sivakorn\Documents\GitHub\MovieBooking\MovieBookingFx\dist\run515574145\db\points.odb' is opened by 12392@DESKTOP-R5U8ELA

[2560-11-22 11:19:48 #5 store] 
Configuration path: C:\Users\Sivakorn\Documents\GitHub\MovieBooking\objectdb\objectdb.conf

[2560-11-22 11:19:57 #6 store] 
Database 'C:\Users\Sivakorn\Documents\GitHub\MovieBooking\MovieBookingFx\dist\run515574145\db\points.odb' is closed by 12392@DESKTOP-R5U8ELA

------------------------------------------------------------------------------------------------------------------------

[2560-11-22 11:20:00 #1 store] 
Database 'C:\Users\Sivakorn\Documents\GitHub\MovieBooking\MovieBookingFx\dist\run515574145\db\points.odb' is opened by 8436@DESKTOP-R5U8ELA

[2560-11-22 11:20:00 #2 store] 
Configuration path: C:\Users\Sivakorn\Documents\GitHub\MovieBooking\objectdb\objectdb.conf

[2560-11-22 11:20:07 #3 store] 
Database 'C:\Users\Sivakorn\Documents\GitHub\MovieBooking\MovieBookingFx\dist\run515574145\db\points.odb' is closed by 8436@DESKTOP-R5U8ELA

[2560-11-22 11:20:07 #4 store] 
Database 'C:\Users\Sivakorn\Documents\GitHub\MovieBooking\MovieBookingFx\dist\run1456220815\db\points.odb' is opened by 8436@DESKTOP-R5U8ELA

[2560-11-22 11:20:07 #5 store] 
Configuration path: C:\Users\Sivakorn\Documents\GitHub\MovieBooking\objectdb\objectdb.conf

[2560-11-22 11:20:15 #6 store] 
Database 'C:\Users\Sivakorn\Documents\GitHub\MovieBooking\MovieBookingFx\dist\run1456220815\db\points.odb' is closed by 8436@DESKTOP-R5U8ELA

------------------------------------------------------------------------------------------------------------------------

[2560-11-22 11:22:22 #1 store] 
Database 'C:\Users\Sivakorn\Documents\GitHub\MovieBooking\MovieBookingFx\database\points.odb' is opened by 10800@DESKTOP-R5U8ELA

[2560-11-22 11:22:22 #2 store] 
Configuration path: C:\Users\Sivakorn\Documents\GitHub\MovieBooking\objectdb\objectdb.conf

[2560-11-22 11:22:35 #3 store] 
Database 'C:\Users\Sivakorn\Documents\GitHub\MovieBooking\MovieBookingFx\database\points.odb' is closed by 10800@DESKTOP-R5U8ELA

------------------------------------------------------------------------------------------------------------------------

[2560-11-22 11:23:04 #1 store] 
Database 'C:\Users\Sivakorn\Documents\GitHub\MovieBooking\MovieBookingFx\database\Movie.odb' is opened by 14000@DESKTOP-R5U8ELA

[2560-11-22 11:23:04 #2 store] 
Configuration path: C:\Users\Sivakorn\Documents\GitHub\MovieBooking\objectdb\objectdb.conf

[2560-11-22 11:23:25 #3 store] 
Database 'C:\Users\Sivakorn\Documents\GitHub\MovieBooking\MovieBookingFx\database\Movie.odb' is closed by 14000@DESKTOP-R5U8ELA

------------------------------------------------------------------------------------------------------------------------

[2560-11-22 11:29:17 #1 store] 
Database 'C:\Users\Sivakorn\Documents\GitHub\MovieBooking\MovieBookingFx\database\Movie.odb' is opened by 14352@DESKTOP-R5U8ELA

[2560-11-22 11:29:17 #2 store] 
Configuration path: C:\Users\Sivakorn\Documents\GitHub\MovieBooking\objectdb\objectdb.conf

[2560-11-22 11:31:53 #3 store] 
Database 'C:\Users\Sivakorn\Documents\GitHub\MovieBooking\MovieBookingFx\database\Movie.odb' is closed by 14352@DESKTOP-R5U8ELA

------------------------------------------------------------------------------------------------------------------------

[2560-11-22 11:32:06 #1 store] 
Database 'C:\Users\Sivakorn\Documents\GitHub\MovieBooking\MovieBookingFx\database\Movie.odb' is opened by 10548@DESKTOP-R5U8ELA

[2560-11-22 11:32:06 #2 store] 
Configuration path: C:\Users\Sivakorn\Documents\GitHub\MovieBooking\objectdb\objectdb.conf

[2560-11-22 11:32:48 #3 store] 
Database 'C:\Users\Sivakorn\Documents\GitHub\MovieBooking\MovieBookingFx\database\Movie.odb' is closed by 10548@DESKTOP-R5U8ELA

------------------------------------------------------------------------------------------------------------------------

[2560-11-22 11:36:36 #1 store] 
Database 'C:\Users\Sivakorn\Documents\GitHub\MovieBooking\MovieBookingFx\database\Movie.odb' is opened by 10748@DESKTOP-R5U8ELA

[2560-11-22 11:36:36 #2 store] 
Configuration path: C:\Users\Sivakorn\Documents\GitHub\MovieBooking\objectdb\objectdb.conf

[2560-11-22 11:37:07 #3 store] 
Database 'C:\Users\Sivakorn\Documents\GitHub\MovieBooking\MovieBookingFx\database\Movie.odb' is closed by 10748@DESKTOP-R5U8ELA

------------------------------------------------------------------------------------------------------------------------

[2560-11-22 11:38:03 #1 store] 
Database 'C:\Users\Sivakorn\Documents\GitHub\MovieBooking\MovieBookingFx\database\Movie.odb' is opened by 13236@DESKTOP-R5U8ELA

[2560-11-22 11:38:03 #2 store] 
Configuration path: C:\Users\Sivakorn\Documents\GitHub\MovieBooking\objectdb\objectdb.conf

[2560-11-22 11:39:05 #3 store] 
Database 'C:\Users\Sivakorn\Documents\GitHub\MovieBooking\MovieBookingFx\database\Movie.odb' is closed by 13236@DESKTOP-R5U8ELA

------------------------------------------------------------------------------------------------------------------------

[2560-11-22 11:42:58 #1 store] 
Database 'C:\Users\Sivakorn\Documents\GitHub\MovieBooking\MovieBookingFx\database\Movie.odb' is opened by 9564@DESKTOP-R5U8ELA

[2560-11-22 11:42:58 #2 store] 
Configuration path: C:\Users\Sivakorn\Documents\GitHub\MovieBooking\objectdb\objectdb.conf

[2560-11-22 11:52:33 #3 store] 
Database 'C:\Users\Sivakorn\Documents\GitHub\MovieBooking\MovieBookingFx\database\Movie.odb' is closed by 9564@DESKTOP-R5U8ELA

------------------------------------------------------------------------------------------------------------------------

[2560-11-22 14:42:40 #1 store] 
Database 'C:\Users\Sivakorn\Documents\GitHub\MovieBooking\MovieBookingFx\database\Movie.odb' is opened by 6012@DESKTOP-R5U8ELA

[2560-11-22 14:42:40 #2 store] 
Configuration path: C:\Users\Sivakorn\Documents\GitHub\MovieBooking\objectdb\objectdb.conf

[2560-11-22 14:42:57 #3 type.registry] 
New type java.lang.Object[]

[2560-11-22 15:16:21 #4 store] 
Database 'C:\Users\Sivakorn\Documents\GitHub\MovieBooking\MovieBookingFx\database\Movie.odb' is closed by 6012@DESKTOP-R5U8ELA

------------------------------------------------------------------------------------------------------------------------

[2560-11-22 15:19:14 #1 store] 
Database 'C:\Users\Sivakorn\Documents\GitHub\MovieBooking\MovieBookingFx\database\Movie.odb' is opened by 13384@DESKTOP-R5U8ELA

[2560-11-22 15:19:14 #2 store] 
Configuration path: C:\Users\Sivakorn\Documents\GitHub\MovieBooking\objectdb\objectdb.conf

[2560-11-22 15:19:25 #3 type.registry] 
New type java.lang.Object[]

[2560-11-22 15:19:26 #4 store] 
Database 'C:\Users\Sivakorn\Documents\GitHub\MovieBooking\MovieBookingFx\database\Movie.odb' is closed by 13384@DESKTOP-R5U8ELA

------------------------------------------------------------------------------------------------------------------------

[2560-11-22 15:49:21 #1 explorer] 
com.objectdb.o.UserException: Failed to create a new directory 'C:\Documents and Settings'
	at com.objectdb.o.MSG.a(MSG.java:64)
	at com.objectdb.o.LFL.a(LFL.java:455)
	at com.objectdb.o.LFL.j(LFL.java:641)
	at com.objectdb.o.FLM.j(FLM.java:195)
	at com.objectdb.o.FTR.valueForPathChanged(FTR.java:647)
	at javax.swing.plaf.basic.BasicTreeUI.completeEditing(Unknown Source)
	at javax.swing.plaf.basic.BasicTreeUI$Handler.editingStopped(Unknown Source)
	at javax.swing.AbstractCellEditor.fireEditingStopped(Unknown Source)
	at javax.swing.DefaultCellEditor$EditorDelegate.stopCellEditing(Unknown Source)
	at javax.swing.DefaultCellEditor.stopCellEditing(Unknown Source)
	at javax.swing.tree.DefaultTreeCellEditor.stopCellEditing(Unknown Source)
	at javax.swing.plaf.basic.BasicTreeUI.stopEditing(Unknown Source)
	at javax.swing.plaf.basic.BasicTreeUI$Handler.mousePressed(Unknown Source)
	at java.awt.AWTEventMulticaster.mousePressed(Unknown Source)
	at java.awt.Component.processMouseEvent(Unknown Source)
	at javax.swing.JComponent.processMouseEvent(Unknown Source)
	at java.awt.Component.processEvent(Unknown Source)
	at java.awt.Container.processEvent(Unknown Source)
	at java.awt.Component.dispatchEventImpl(Unknown Source)
	at java.awt.Container.dispatchEventImpl(Unknown Source)
	at java.awt.Component.dispatchEvent(Unknown Source)
	at java.awt.LightweightDispatcher.retargetMouseEvent(Unknown Source)
	at java.awt.LightweightDispatcher.processMouseEvent(Unknown Source)
	at java.awt.LightweightDispatcher.dispatchEvent(Unknown Source)
	at java.awt.Container.dispatchEventImpl(Unknown Source)
	at java.awt.Window.dispatchEventImpl(Unknown Source)
	at java.awt.Component.dispatchEvent(Unknown Source)
	at java.awt.EventQueue.dispatchEventImpl(Unknown Source)
	at java.awt.EventQueue.access$500(Unknown Source)
	at java.awt.EventQueue$3.run(Unknown Source)
	at java.awt.EventQueue$3.run(Unknown Source)
	at java.security.AccessController.doPrivileged(Native Method)
	at java.security.ProtectionDomain$JavaSecurityAccessImpl.doIntersectionPrivilege(Unknown Source)
	at java.security.ProtectionDomain$JavaSecurityAccessImpl.doIntersectionPrivilege(Unknown Source)
	at java.awt.EventQueue$4.run(Unknown Source)
	at java.awt.EventQueue$4.run(Unknown Source)
	at java.security.AccessController.doPrivileged(Native Method)
	at java.security.ProtectionDomain$JavaSecurityAccessImpl.doIntersectionPrivilege(Unknown Source)
	at java.awt.EventQueue.dispatchEvent(Unknown Source)
	at java.awt.EventDispatchThread.pumpOneEventForFilters(Unknown Source)
	at java.awt.EventDispatchThread.pumpEventsForFilter(Unknown Source)
	at java.awt.EventDispatchThread.pumpEventsForFilter(Unknown Source)
	at java.awt.WaitDispatchSupport$2.run(Unknown Source)
	at java.awt.WaitDispatchSupport$4.run(Unknown Source)
	at java.awt.WaitDispatchSupport$4.run(Unknown Source)
	at java.security.AccessController.doPrivileged(Native Method)
	at java.awt.WaitDispatchSupport.enter(Unknown Source)
	at java.awt.Dialog.show(Unknown Source)
	at java.awt.Component.show(Unknown Source)
	at java.awt.Component.setVisible(Unknown Source)
	at java.awt.Window.setVisible(Unknown Source)
	at java.awt.Dialog.setVisible(Unknown Source)
	at com.objectdb.o.RTR.f(RTR.java:195)
	at com.objectdb.o.RTR.Zk(RTR.java:83)
	at com.objectdb.o.Command.actionPerformed(Command.java:472)
	at javax.swing.AbstractButton.fireActionPerformed(Unknown Source)
	at javax.swing.AbstractButton$Handler.actionPerformed(Unknown Source)
	at javax.swing.DefaultButtonModel.fireActionPerformed(Unknown Source)
	at javax.swing.DefaultButtonModel.setPressed(Unknown Source)
	at javax.swing.AbstractButton.doClick(Unknown Source)
	at javax.swing.plaf.basic.BasicMenuItemUI.doClick(Unknown Source)
	at javax.swing.plaf.basic.BasicMenuItemUI$Handler.mouseReleased(Unknown Source)
	at java.awt.Component.processMouseEvent(Unknown Source)
	at javax.swing.JComponent.processMouseEvent(Unknown Source)
	at java.awt.Component.processEvent(Unknown Source)
	at java.awt.Container.processEvent(Unknown Source)
	at java.awt.Component.dispatchEventImpl(Unknown Source)
	at java.awt.Container.dispatchEventImpl(Unknown Source)
	at java.awt.Component.dispatchEvent(Unknown Source)
	at java.awt.LightweightDispatcher.retargetMouseEvent(Unknown Source)
	at java.awt.LightweightDispatcher.processMouseEvent(Unknown Source)
	at java.awt.LightweightDispatcher.dispatchEvent(Unknown Source)
	at java.awt.Container.dispatchEventImpl(Unknown Source)
	at java.awt.Window.dispatchEventImpl(Unknown Source)
	at java.awt.Component.dispatchEvent(Unknown Source)
	at java.awt.EventQueue.dispatchEventImpl(Unknown Source)
	at java.awt.EventQueue.access$500(Unknown Source)
	at java.awt.EventQueue$3.run(Unknown Source)
	at java.awt.EventQueue$3.run(Unknown Source)
	at java.security.AccessController.doPrivileged(Native Method)
	at java.security.ProtectionDomain$JavaSecurityAccessImpl.doIntersectionPrivilege(Unknown Source)
	at java.security.ProtectionDomain$JavaSecurityAccessImpl.doIntersectionPrivilege(Unknown Source)
	at java.awt.EventQueue$4.run(Unknown Source)
	at java.awt.EventQueue$4.run(Unknown Source)
	at java.security.AccessController.doPrivileged(Native Method)
	at java.security.ProtectionDomain$JavaSecurityAccessImpl.doIntersectionPrivilege(Unknown Source)
	at java.awt.EventQueue.dispatchEvent(Unknown Source)
	at java.awt.EventDispatchThread.pumpOneEventForFilters(Unknown Source)
	at java.awt.EventDispatchThread.pumpEventsForFilter(Unknown Source)
	at java.awt.EventDispatchThread.pumpEventsForHierarchy(Unknown Source)
	at java.awt.EventDispatchThread.pumpEvents(Unknown Source)
	at java.awt.EventDispatchThread.pumpEvents(Unknown Source)
	at java.awt.EventDispatchThread.run(Unknown Source)

[2560-11-22 15:49:26 #2 explorer] 
com.objectdb.o.UserException: Failed to create a new directory 'C:\Users'
	at com.objectdb.o.MSG.a(MSG.java:64)
	at com.objectdb.o.LFL.a(LFL.java:455)
	at com.objectdb.o.LFL.j(LFL.java:641)
	at com.objectdb.o.FLM.j(FLM.java:195)
	at com.objectdb.o.FTR.valueForPathChanged(FTR.java:647)
	at javax.swing.plaf.basic.BasicTreeUI.completeEditing(Unknown Source)
	at javax.swing.plaf.basic.BasicTreeUI$Handler.editingStopped(Unknown Source)
	at javax.swing.AbstractCellEditor.fireEditingStopped(Unknown Source)
	at javax.swing.DefaultCellEditor$EditorDelegate.stopCellEditing(Unknown Source)
	at javax.swing.DefaultCellEditor.stopCellEditing(Unknown Source)
	at javax.swing.tree.DefaultTreeCellEditor.stopCellEditing(Unknown Source)
	at javax.swing.plaf.basic.BasicTreeUI.stopEditing(Unknown Source)
	at javax.swing.plaf.basic.BasicTreeUI$Handler.mousePressed(Unknown Source)
	at java.awt.AWTEventMulticaster.mousePressed(Unknown Source)
	at java.awt.Component.processMouseEvent(Unknown Source)
	at javax.swing.JComponent.processMouseEvent(Unknown Source)
	at java.awt.Component.processEvent(Unknown Source)
	at java.awt.Container.processEvent(Unknown Source)
	at java.awt.Component.dispatchEventImpl(Unknown Source)
	at java.awt.Container.dispatchEventImpl(Unknown Source)
	at java.awt.Component.dispatchEvent(Unknown Source)
	at java.awt.LightweightDispatcher.retargetMouseEvent(Unknown Source)
	at java.awt.LightweightDispatcher.processMouseEvent(Unknown Source)
	at java.awt.LightweightDispatcher.dispatchEvent(Unknown Source)
	at java.awt.Container.dispatchEventImpl(Unknown Source)
	at java.awt.Window.dispatchEventImpl(Unknown Source)
	at java.awt.Component.dispatchEvent(Unknown Source)
	at java.awt.EventQueue.dispatchEventImpl(Unknown Source)
	at java.awt.EventQueue.access$500(Unknown Source)
	at java.awt.EventQueue$3.run(Unknown Source)
	at java.awt.EventQueue$3.run(Unknown Source)
	at java.security.AccessController.doPrivileged(Native Method)
	at java.security.ProtectionDomain$JavaSecurityAccessImpl.doIntersectionPrivilege(Unknown Source)
	at java.security.ProtectionDomain$JavaSecurityAccessImpl.doIntersectionPrivilege(Unknown Source)
	at java.awt.EventQueue$4.run(Unknown Source)
	at java.awt.EventQueue$4.run(Unknown Source)
	at java.security.AccessController.doPrivileged(Native Method)
	at java.security.ProtectionDomain$JavaSecurityAccessImpl.doIntersectionPrivilege(Unknown Source)
	at java.awt.EventQueue.dispatchEvent(Unknown Source)
	at java.awt.EventDispatchThread.pumpOneEventForFilters(Unknown Source)
	at java.awt.EventDispatchThread.pumpEventsForFilter(Unknown Source)
	at java.awt.EventDispatchThread.pumpEventsForFilter(Unknown Source)
	at java.awt.WaitDispatchSupport$2.run(Unknown Source)
	at java.awt.WaitDispatchSupport$4.run(Unknown Source)
	at java.awt.WaitDispatchSupport$4.run(Unknown Source)
	at java.security.AccessController.doPrivileged(Native Method)
	at java.awt.WaitDispatchSupport.enter(Unknown Source)
	at java.awt.Dialog.show(Unknown Source)
	at java.awt.Component.show(Unknown Source)
	at java.awt.Component.setVisible(Unknown Source)
	at java.awt.Window.setVisible(Unknown Source)
	at java.awt.Dialog.setVisible(Unknown Source)
	at com.objectdb.o.RTR.f(RTR.java:195)
	at com.objectdb.o.RTR.Zk(RTR.java:83)
	at com.objectdb.o.Command.actionPerformed(Command.java:472)
	at javax.swing.AbstractButton.fireActionPerformed(Unknown Source)
	at javax.swing.AbstractButton$Handler.actionPerformed(Unknown Source)
	at javax.swing.DefaultButtonModel.fireActionPerformed(Unknown Source)
	at javax.swing.DefaultButtonModel.setPressed(Unknown Source)
	at javax.swing.AbstractButton.doClick(Unknown Source)
	at javax.swing.plaf.basic.BasicMenuItemUI.doClick(Unknown Source)
	at javax.swing.plaf.basic.BasicMenuItemUI$Handler.mouseReleased(Unknown Source)
	at java.awt.Component.processMouseEvent(Unknown Source)
	at javax.swing.JComponent.processMouseEvent(Unknown Source)
	at java.awt.Component.processEvent(Unknown Source)
	at java.awt.Container.processEvent(Unknown Source)
	at java.awt.Component.dispatchEventImpl(Unknown Source)
	at java.awt.Container.dispatchEventImpl(Unknown Source)
	at java.awt.Component.dispatchEvent(Unknown Source)
	at java.awt.LightweightDispatcher.retargetMouseEvent(Unknown Source)
	at java.awt.LightweightDispatcher.processMouseEvent(Unknown Source)
	at java.awt.LightweightDispatcher.dispatchEvent(Unknown Source)
	at java.awt.Container.dispatchEventImpl(Unknown Source)
	at java.awt.Window.dispatchEventImpl(Unknown Source)
	at java.awt.Component.dispatchEvent(Unknown Source)
	at java.awt.EventQueue.dispatchEventImpl(Unknown Source)
	at java.awt.EventQueue.access$500(Unknown Source)
	at java.awt.EventQueue$3.run(Unknown Source)
	at java.awt.EventQueue$3.run(Unknown Source)
	at java.security.AccessController.doPrivileged(Native Method)
	at java.security.ProtectionDomain$JavaSecurityAccessImpl.doIntersectionPrivilege(Unknown Source)
	at java.security.ProtectionDomain$JavaSecurityAccessImpl.doIntersectionPrivilege(Unknown Source)
	at java.awt.EventQueue$4.run(Unknown Source)
	at java.awt.EventQueue$4.run(Unknown Source)
	at java.security.AccessController.doPrivileged(Native Method)
	at java.security.ProtectionDomain$JavaSecurityAccessImpl.doIntersectionPrivilege(Unknown Source)
	at java.awt.EventQueue.dispatchEvent(Unknown Source)
	at java.awt.EventDispatchThread.pumpOneEventForFilters(Unknown Source)
	at java.awt.EventDispatchThread.pumpEventsForFilter(Unknown Source)
	at java.awt.EventDispatchThread.pumpEventsForHierarchy(Unknown Source)
	at java.awt.EventDispatchThread.pumpEvents(Unknown Source)
	at java.awt.EventDispatchThread.pumpEvents(Unknown Source)
	at java.awt.EventDispatchThread.run(Unknown Source)

[2560-11-22 15:49:33 #3 explorer] 
com.objectdb.o.UserException: Failed to create a new directory 'C:\Users\terkg\Documents'
	at com.objectdb.o.MSG.a(MSG.java:64)
	at com.objectdb.o.LFL.a(LFL.java:455)
	at com.objectdb.o.LFL.j(LFL.java:641)
	at com.objectdb.o.FLM.j(FLM.java:195)
	at com.objectdb.o.FTR.valueForPathChanged(FTR.java:647)
	at javax.swing.plaf.basic.BasicTreeUI.completeEditing(Unknown Source)
	at javax.swing.plaf.basic.BasicTreeUI$Handler.editingStopped(Unknown Source)
	at javax.swing.AbstractCellEditor.fireEditingStopped(Unknown Source)
	at javax.swing.DefaultCellEditor$EditorDelegate.stopCellEditing(Unknown Source)
	at javax.swing.DefaultCellEditor.stopCellEditing(Unknown Source)
	at javax.swing.tree.DefaultTreeCellEditor.stopCellEditing(Unknown Source)
	at javax.swing.plaf.basic.BasicTreeUI.stopEditing(Unknown Source)
	at javax.swing.plaf.basic.BasicTreeUI$Handler.mousePressed(Unknown Source)
	at java.awt.AWTEventMulticaster.mousePressed(Unknown Source)
	at java.awt.Component.processMouseEvent(Unknown Source)
	at javax.swing.JComponent.processMouseEvent(Unknown Source)
	at java.awt.Component.processEvent(Unknown Source)
	at java.awt.Container.processEvent(Unknown Source)
	at java.awt.Component.dispatchEventImpl(Unknown Source)
	at java.awt.Container.dispatchEventImpl(Unknown Source)
	at java.awt.Component.dispatchEvent(Unknown Source)
	at java.awt.LightweightDispatcher.retargetMouseEvent(Unknown Source)
	at java.awt.LightweightDispatcher.processMouseEvent(Unknown Source)
	at java.awt.LightweightDispatcher.dispatchEvent(Unknown Source)
	at java.awt.Container.dispatchEventImpl(Unknown Source)
	at java.awt.Window.dispatchEventImpl(Unknown Source)
	at java.awt.Component.dispatchEvent(Unknown Source)
	at java.awt.EventQueue.dispatchEventImpl(Unknown Source)
	at java.awt.EventQueue.access$500(Unknown Source)
	at java.awt.EventQueue$3.run(Unknown Source)
	at java.awt.EventQueue$3.run(Unknown Source)
	at java.security.AccessController.doPrivileged(Native Method)
	at java.security.ProtectionDomain$JavaSecurityAccessImpl.doIntersectionPrivilege(Unknown Source)
	at java.security.ProtectionDomain$JavaSecurityAccessImpl.doIntersectionPrivilege(Unknown Source)
	at java.awt.EventQueue$4.run(Unknown Source)
	at java.awt.EventQueue$4.run(Unknown Source)
	at java.security.AccessController.doPrivileged(Native Method)
	at java.security.ProtectionDomain$JavaSecurityAccessImpl.doIntersectionPrivilege(Unknown Source)
	at java.awt.EventQueue.dispatchEvent(Unknown Source)
	at java.awt.EventDispatchThread.pumpOneEventForFilters(Unknown Source)
	at java.awt.EventDispatchThread.pumpEventsForFilter(Unknown Source)
	at java.awt.EventDispatchThread.pumpEventsForFilter(Unknown Source)
	at java.awt.WaitDispatchSupport$2.run(Unknown Source)
	at java.awt.WaitDispatchSupport$4.run(Unknown Source)
	at java.awt.WaitDispatchSupport$4.run(Unknown Source)
	at java.security.AccessController.doPrivileged(Native Method)
	at java.awt.WaitDispatchSupport.enter(Unknown Source)
	at java.awt.Dialog.show(Unknown Source)
	at java.awt.Component.show(Unknown Source)
	at java.awt.Component.setVisible(Unknown Source)
	at java.awt.Window.setVisible(Unknown Source)
	at java.awt.Dialog.setVisible(Unknown Source)
	at com.objectdb.o.RTR.f(RTR.java:195)
	at com.objectdb.o.RTR.Zk(RTR.java:83)
	at com.objectdb.o.Command.actionPerformed(Command.java:472)
	at javax.swing.AbstractButton.fireActionPerformed(Unknown Source)
	at javax.swing.AbstractButton$Handler.actionPerformed(Unknown Source)
	at javax.swing.DefaultButtonModel.fireActionPerformed(Unknown Source)
	at javax.swing.DefaultButtonModel.setPressed(Unknown Source)
	at javax.swing.AbstractButton.doClick(Unknown Source)
	at javax.swing.plaf.basic.BasicMenuItemUI.doClick(Unknown Source)
	at javax.swing.plaf.basic.BasicMenuItemUI$Handler.mouseReleased(Unknown Source)
	at java.awt.Component.processMouseEvent(Unknown Source)
	at javax.swing.JComponent.processMouseEvent(Unknown Source)
	at java.awt.Component.processEvent(Unknown Source)
	at java.awt.Container.processEvent(Unknown Source)
	at java.awt.Component.dispatchEventImpl(Unknown Source)
	at java.awt.Container.dispatchEventImpl(Unknown Source)
	at java.awt.Component.dispatchEvent(Unknown Source)
	at java.awt.LightweightDispatcher.retargetMouseEvent(Unknown Source)
	at java.awt.LightweightDispatcher.processMouseEvent(Unknown Source)
	at java.awt.LightweightDispatcher.dispatchEvent(Unknown Source)
	at java.awt.Container.dispatchEventImpl(Unknown Source)
	at java.awt.Window.dispatchEventImpl(Unknown Source)
	at java.awt.Component.dispatchEvent(Unknown Source)
	at java.awt.EventQueue.dispatchEventImpl(Unknown Source)
	at java.awt.EventQueue.access$500(Unknown Source)
	at java.awt.EventQueue$3.run(Unknown Source)
	at java.awt.EventQueue$3.run(Unknown Source)
	at java.security.AccessController.doPrivileged(Native Method)
	at java.security.ProtectionDomain$JavaSecurityAccessImpl.doIntersectionPrivilege(Unknown Source)
	at java.security.ProtectionDomain$JavaSecurityAccessImpl.doIntersectionPrivilege(Unknown Source)
	at java.awt.EventQueue$4.run(Unknown Source)
	at java.awt.EventQueue$4.run(Unknown Source)
	at java.security.AccessController.doPrivileged(Native Method)
	at java.security.ProtectionDomain$JavaSecurityAccessImpl.doIntersectionPrivilege(Unknown Source)
	at java.awt.EventQueue.dispatchEvent(Unknown Source)
	at java.awt.EventDispatchThread.pumpOneEventForFilters(Unknown Source)
	at java.awt.EventDispatchThread.pumpEventsForFilter(Unknown Source)
	at java.awt.EventDispatchThread.pumpEventsForHierarchy(Unknown Source)
	at java.awt.EventDispatchThread.pumpEvents(Unknown Source)
	at java.awt.EventDispatchThread.pumpEvents(Unknown Source)
	at java.awt.EventDispatchThread.run(Unknown Source)

[2560-11-22 15:49:42 #4 store] 
Database 'C:\Users\terkg\Documents\GitHub\MovieBooking\MovieBookingFx\database\Movie.odb' has been recovered (tr. 7-7)

[2560-11-22 15:49:42 #5 store] 
Database 'C:\Users\terkg\Documents\GitHub\MovieBooking\MovieBookingFx\database\Movie.odb' is opened by 14556@DESKTOP-KCNIK4J

[2560-11-22 15:49:42 #6 store] 
Configuration path: C:\Users\terkg\Documents\GitHub\MovieBooking\objectdb\objectdb.conf

[2560-11-22 15:52:56 #7 store] 
Database 'C:\Users\terkg\Documents\GitHub\MovieBooking\MovieBookingFx\database\Movie.odb' is closed by 14556@DESKTOP-KCNIK4J

------------------------------------------------------------------------------------------------------------------------

[2560-11-22 15:53:20 #1 store] 
Database 'C:\Users\terkg\Documents\GitHub\MovieBooking\MovieBookingFx\database\Movie.odb' is opened by 13856@DESKTOP-KCNIK4J

[2560-11-22 15:53:20 #2 store] 
Configuration path: C:\Users\terkg\Documents\GitHub\MovieBooking\objectdb\objectdb.conf

[2560-11-22 15:53:30 #3 type.registry] 
New type java.lang.Object[]

[2560-11-22 15:54:41 #4 store] 
Database 'C:\Users\terkg\Documents\GitHub\MovieBooking\MovieBookingFx\database\Movie.odb' is closed by 13856@DESKTOP-KCNIK4J

------------------------------------------------------------------------------------------------------------------------

[2560-11-22 15:54:57 #1 store] 
Database 'C:\Users\terkg\Documents\GitHub\MovieBooking\MovieBookingFx\database\Movie.odb' is opened by 14008@DESKTOP-KCNIK4J

[2560-11-22 15:54:57 #2 store] 
Configuration path: C:\Users\terkg\Documents\GitHub\MovieBooking\objectdb\objectdb.conf

[2560-11-22 15:55:02 #3 type.registry] 
New type java.lang.Object[]

[2560-11-22 15:56:44 #4 store] 
Database 'C:\Users\terkg\Documents\GitHub\MovieBooking\MovieBookingFx\database\Movie.odb' is closed by 14008@DESKTOP-KCNIK4J

------------------------------------------------------------------------------------------------------------------------

[2560-11-22 16:00:16 #1 store] 
Database 'C:\Users\terkg\Documents\GitHub\MovieBooking\MovieBookingFx\database\Movie.odb' is opened by 3712@DESKTOP-KCNIK4J

[2560-11-22 16:00:16 #2 store] 
Configuration path: C:\Users\terkg\Documents\GitHub\MovieBooking\objectdb\objectdb.conf

[2560-11-22 16:01:53 #3 type.registry] 
New type java.lang.Object[]

[2560-11-22 16:10:05 #4 store] 
Database 'C:\Users\terkg\Documents\GitHub\MovieBooking\MovieBookingFx\database\Movie.odb' is closed by 3712@DESKTOP-KCNIK4J

------------------------------------------------------------------------------------------------------------------------

[2560-11-22 16:10:27 #1 store] 
Database 'C:\Users\terkg\Documents\GitHub\MovieBooking\MovieBookingFx\database\Movie.odb' is opened by 988@DESKTOP-KCNIK4J

[2560-11-22 16:10:27 #2 store] 
Configuration path: C:\Users\terkg\Documents\GitHub\MovieBooking\objectdb\objectdb.conf

[2560-11-22 17:48:14 #3 type.registry] 
New type java.lang.Object[]

[2560-11-22 17:49:25 #4 store] 
Database 'C:\Users\terkg\Documents\GitHub\MovieBooking\MovieBookingFx\database\Movie.odb' is closed by 988@DESKTOP-KCNIK4J

------------------------------------------------------------------------------------------------------------------------

[2560-11-22 17:49:44 #1 store] 
Database 'C:\Users\terkg\Documents\GitHub\MovieBooking\MovieBookingFx\database\Movie.odb' is opened by 14576@DESKTOP-KCNIK4J

[2560-11-22 17:49:44 #2 store] 
Configuration path: C:\Users\terkg\Documents\GitHub\MovieBooking\objectdb\objectdb.conf

[2560-11-22 17:49:52 #3 type.registry] 
New type java.lang.Object[]

[2560-11-22 17:51:09 #4 store] 
Database 'C:\Users\terkg\Documents\GitHub\MovieBooking\MovieBookingFx\database\Movie.odb' is closed by 14576@DESKTOP-KCNIK4J

------------------------------------------------------------------------------------------------------------------------

[2560-11-22 17:52:09 #1 store] 
Database 'C:\Users\terkg\Documents\GitHub\MovieBooking\MovieBookingFx\database\Movie.odb' is opened by 9700@DESKTOP-KCNIK4J

[2560-11-22 17:52:09 #2 store] 
Configuration path: C:\Users\terkg\Documents\GitHub\MovieBooking\objectdb\objectdb.conf

[2560-11-22 17:52:14 #3 store] 
Database 'C:\Users\terkg\Documents\GitHub\MovieBooking\MovieBookingFx\database\Movie.odb' is closed by 9700@DESKTOP-KCNIK4J

------------------------------------------------------------------------------------------------------------------------

[2560-11-22 17:54:18 #1 store] 
Database 'C:\Users\terkg\Documents\GitHub\MovieBooking\MovieBookingFx\database\Movie.odb' has been recovered (tr. 7-7)

[2560-11-22 17:54:18 #2 store] 
Database 'C:\Users\terkg\Documents\GitHub\MovieBooking\MovieBookingFx\database\Movie.odb' is opened by 1484@DESKTOP-KCNIK4J

[2560-11-22 17:54:18 #3 store] 
Configuration path: C:\Users\terkg\Documents\GitHub\MovieBooking\objectdb\objectdb.conf

[2560-11-22 17:54:22 #4 store] 
Database 'C:\Users\terkg\Documents\GitHub\MovieBooking\MovieBookingFx\database\Movie.odb' is closed by 1484@DESKTOP-KCNIK4J

------------------------------------------------------------------------------------------------------------------------

[2560-11-22 17:57:53 #1 store] 
Database 'C:\Users\terkg\Documents\GitHub\MovieBooking\MovieBookingFx\database\Movie.odb' is opened by 11964@DESKTOP-KCNIK4J

[2560-11-22 17:57:53 #2 store] 
Configuration path: C:\Users\terkg\Documents\GitHub\MovieBooking\objectdb\objectdb.conf

[2560-11-22 17:58:09 #3 type.registry] 
New type java.lang.Object[]

[2560-11-22 18:39:19 #4 store] 
Database 'C:\Users\terkg\Documents\GitHub\MovieBooking\MovieBookingFx\database\Movie.odb' is closed by 11964@DESKTOP-KCNIK4J

------------------------------------------------------------------------------------------------------------------------

[2560-11-22 18:39:27 #1 store] 
Database 'C:\Users\terkg\Documents\GitHub\MovieBooking\MovieBookingFx\database\Movie.odb' is opened by 2072@DESKTOP-KCNIK4J

[2560-11-22 18:39:27 #2 store] 
Configuration path: C:\Users\terkg\Documents\GitHub\MovieBooking\objectdb\objectdb.conf

[2560-11-22 18:39:27 #3 store] 
Database 'C:\Users\terkg\Documents\GitHub\MovieBooking\MovieBookingFx\database\Movie.odb' is closed by 2072@DESKTOP-KCNIK4J

------------------------------------------------------------------------------------------------------------------------

[2560-11-22 18:39:41 #1 store] 
Database 'C:\Users\terkg\Documents\GitHub\MovieBooking\MovieBookingFx\database\Movie.odb' is opened by 12228@DESKTOP-KCNIK4J

[2560-11-22 18:39:41 #2 store] 
Configuration path: C:\Users\terkg\Documents\GitHub\MovieBooking\objectdb\objectdb.conf

[2560-11-22 18:41:21 #3 store] 
Database 'C:\Users\terkg\Documents\GitHub\MovieBooking\MovieBookingFx\database\Movie.odb' is closed by 12228@DESKTOP-KCNIK4J

------------------------------------------------------------------------------------------------------------------------

[2560-11-22 18:41:48 #1 store] 
Database 'C:\Users\terkg\Documents\GitHub\MovieBooking\MovieBookingFx\database\Movie.odb' is opened by 7700@DESKTOP-KCNIK4J

[2560-11-22 18:41:48 #2 store] 
Configuration path: C:\Users\terkg\Documents\GitHub\MovieBooking\objectdb\objectdb.conf

[2560-11-22 18:44:25 #3 store] 
Database 'C:\Users\terkg\Documents\GitHub\MovieBooking\MovieBookingFx\database\Movie.odb' is closed by 7700@DESKTOP-KCNIK4J

------------------------------------------------------------------------------------------------------------------------

[2560-11-22 18:44:37 #1 store] 
Database 'C:\Users\terkg\Documents\GitHub\MovieBooking\MovieBookingFx\database\Movie.odb' is opened by 15956@DESKTOP-KCNIK4J

[2560-11-22 18:44:37 #2 store] 
Configuration path: C:\Users\terkg\Documents\GitHub\MovieBooking\objectdb\objectdb.conf

[2560-11-22 19:05:06 #3 store] 
Database 'C:\Users\terkg\Documents\GitHub\MovieBooking\MovieBookingFx\database\Movie.odb' is closed by 15956@DESKTOP-KCNIK4J

------------------------------------------------------------------------------------------------------------------------

[2560-11-22 19:05:22 #1 store] 
Database 'C:\Users\terkg\Documents\GitHub\MovieBooking\MovieBookingFx\database\Movie.odb' is opened by 2612@DESKTOP-KCNIK4J

[2560-11-22 19:05:22 #2 store] 
Configuration path: C:\Users\terkg\Documents\GitHub\MovieBooking\objectdb\objectdb.conf

[2560-11-22 19:12:16 #3 store] 
Database 'C:\Users\terkg\Documents\GitHub\MovieBooking\MovieBookingFx\database\Movie.odb' is closed by 2612@DESKTOP-KCNIK4J

------------------------------------------------------------------------------------------------------------------------

[2560-11-22 19:12:52 #1 store] 
Database 'C:\Users\terkg\Documents\GitHub\MovieBooking\MovieBookingFx\database\Movie.odb' is opened by 4328@DESKTOP-KCNIK4J

[2560-11-22 19:12:52 #2 store] 
Configuration path: C:\Users\terkg\Documents\GitHub\MovieBooking\objectdb\objectdb.conf

[2560-11-22 19:14:16 #3 store] 
Database 'C:\Users\terkg\Documents\GitHub\MovieBooking\MovieBookingFx\database\Movie.odb' is closed by 4328@DESKTOP-KCNIK4J

------------------------------------------------------------------------------------------------------------------------

[2560-11-22 19:14:27 #1 store] 
Database 'C:\Users\terkg\Documents\GitHub\MovieBooking\MovieBookingFx\database\Movie.odb' is opened by 13972@DESKTOP-KCNIK4J

[2560-11-22 19:14:27 #2 store] 
Configuration path: C:\Users\terkg\Documents\GitHub\MovieBooking\objectdb\objectdb.conf

[2560-11-22 19:25:45 #3 store] 
Database 'C:\Users\terkg\Documents\GitHub\MovieBooking\MovieBookingFx\database\Movie.odb' is closed by 13972@DESKTOP-KCNIK4J

------------------------------------------------------------------------------------------------------------------------

[2560-11-22 19:34:00 #1 store] 
Database 'C:\Users\terkg\Documents\GitHub\MovieBooking\MovieBookingFx\database\Movie.odb' is opened by 8728@DESKTOP-KCNIK4J

[2560-11-22 19:34:00 #2 store] 
Configuration path: C:\Users\terkg\Documents\GitHub\MovieBooking\objectdb\objectdb.conf

[2560-11-22 19:35:43 #3 store] 
Database 'C:\Users\terkg\Documents\GitHub\MovieBooking\MovieBookingFx\database\Movie.odb' is closed by 8728@DESKTOP-KCNIK4J

------------------------------------------------------------------------------------------------------------------------

[2560-11-22 19:36:11 #1 store] 
Database 'C:\Users\terkg\Documents\GitHub\MovieBooking\MovieBookingFx\database\Movie.odb' is opened by 10136@DESKTOP-KCNIK4J

[2560-11-22 19:36:11 #2 store] 
Configuration path: C:\Users\terkg\Documents\GitHub\MovieBooking\objectdb\objectdb.conf

[2560-11-22 19:36:18 #3 store] 
Database 'C:\Users\terkg\Documents\GitHub\MovieBooking\MovieBookingFx\database\Movie.odb' is closed by 10136@DESKTOP-KCNIK4J

------------------------------------------------------------------------------------------------------------------------

[2560-11-22 19:37:32 #1 store] 
Database 'C:\Users\terkg\Documents\GitHub\MovieBooking\MovieBookingFx\database\Movie.odb' is opened by 7756@DESKTOP-KCNIK4J

[2560-11-22 19:37:32 #2 store] 
Configuration path: C:\Users\terkg\Documents\GitHub\MovieBooking\objectdb\objectdb.conf

[2560-11-22 19:37:53 #3 store] 
Database 'C:\Users\terkg\Documents\GitHub\MovieBooking\MovieBookingFx\database\Movie.odb' is closed by 7756@DESKTOP-KCNIK4J

