------------------------------------------------------------------------------------------------------------------------

[2560-11-24 00:49:44 #1 store] 
Database 'C:\Users\terkg\Documents\GitHub\MovieBooking\MovieBookingFx\database\Movie.odb' is opened by 9892@DESKTOP-KCNIK4J

[2560-11-24 00:49:44 #2 store] 
Configuration path: C:\Users\terkg\Documents\GitHub\MovieBooking\objectdb\objectdb.conf

[2560-11-24 00:49:46 #3 store] 
Database 'C:\Users\terkg\Documents\GitHub\MovieBooking\MovieBookingFx\database\Movie.odb' is closed by 9892@DESKTOP-KCNIK4J

------------------------------------------------------------------------------------------------------------------------

[2560-11-24 00:49:54 #1 store] 
Database 'C:\Users\terkg\Documents\GitHub\MovieBooking\MovieBookingFx\database\Movie.odb' is opened by 16052@DESKTOP-KCNIK4J

[2560-11-24 00:49:54 #2 store] 
Configuration path: C:\Users\terkg\Documents\GitHub\MovieBooking\objectdb\objectdb.conf

[2560-11-24 00:49:59 #3 type.registry] 
New type com.objectdb.o.LMT

[2560-11-24 00:49:59 #4 type.registry] 
New type com.objectdb.o.VAL

[2560-11-24 00:49:59 #5 type.registry] 
New type com.objectdb.o.RFV

[2560-11-24 00:53:05 #6 store] 
Database 'C:\Users\terkg\Documents\GitHub\MovieBooking\MovieBookingFx\database\Movie.odb' is closed by 16052@DESKTOP-KCNIK4J

------------------------------------------------------------------------------------------------------------------------

[2560-11-24 01:03:49 #1 store] 
Database 'C:\Users\terkg\Documents\GitHub\MovieBooking\MovieBookingFx\database\Movie.odb' is opened by 16336@DESKTOP-KCNIK4J

[2560-11-24 01:03:49 #2 store] 
Configuration path: C:\Users\terkg\Documents\GitHub\MovieBooking\objectdb\objectdb.conf

[2560-11-24 01:03:52 #3 type.registry] 
New type com.objectdb.o.LMT

[2560-11-24 01:03:52 #4 type.registry] 
New type com.objectdb.o.VAL

[2560-11-24 01:03:52 #5 type.registry] 
New type com.objectdb.o.RFV

[2560-11-24 01:05:12 #6 store] 
Database 'C:\Users\terkg\Documents\GitHub\MovieBooking\MovieBookingFx\database\Movie.odb' is closed by 16336@DESKTOP-KCNIK4J

------------------------------------------------------------------------------------------------------------------------

[2560-11-24 01:05:26 #1 store] 
Database 'C:\Users\terkg\Documents\GitHub\MovieBooking\MovieBookingFx\database\Movie.odb' is opened by 6464@DESKTOP-KCNIK4J

[2560-11-24 01:05:26 #2 store] 
Configuration path: C:\Users\terkg\Documents\GitHub\MovieBooking\objectdb\objectdb.conf

[2560-11-24 01:05:40 #3 type.registry] 
New type java.lang.Object[]

[2560-11-24 01:05:48 #4 store] 
Database 'C:\Users\terkg\Documents\GitHub\MovieBooking\MovieBookingFx\database\Movie.odb' is closed by 6464@DESKTOP-KCNIK4J

------------------------------------------------------------------------------------------------------------------------

[2560-11-24 01:26:14 #1 store] 
Database 'C:\Users\terkg\Documents\GitHub\MovieBooking\MovieBookingFx\database\Movie.odb' is opened by 2124@DESKTOP-KCNIK4J

[2560-11-24 01:26:14 #2 store] 
Configuration path: C:\Users\terkg\Documents\GitHub\MovieBooking\objectdb\objectdb.conf

[2560-11-24 01:26:16 #3 type.registry] 
New type com.objectdb.o.LMT

[2560-11-24 01:26:16 #4 type.registry] 
New type com.objectdb.o.VAL

[2560-11-24 01:26:16 #5 type.registry] 
New type com.objectdb.o.RFV

[2560-11-24 01:27:06 #6 store] 
Database 'C:\Users\terkg\Documents\GitHub\MovieBooking\MovieBookingFx\database\Movie.odb' is closed by 2124@DESKTOP-KCNIK4J

------------------------------------------------------------------------------------------------------------------------

[2560-11-24 01:27:19 #1 store] 
Database 'C:\Users\terkg\Documents\GitHub\MovieBooking\MovieBookingFx\database\Movie.odb' is opened by 11404@DESKTOP-KCNIK4J

[2560-11-24 01:27:19 #2 store] 
Configuration path: C:\Users\terkg\Documents\GitHub\MovieBooking\objectdb\objectdb.conf

[2560-11-24 01:27:27 #3 type.registry] 
New type java.lang.Object[]

[2560-11-24 01:28:33 #4 store] 
Database 'C:\Users\terkg\Documents\GitHub\MovieBooking\MovieBookingFx\database\Movie.odb' is closed by 11404@DESKTOP-KCNIK4J

------------------------------------------------------------------------------------------------------------------------

[2560-11-24 01:32:01 #1 store] 
Database 'C:\Users\terkg\Documents\GitHub\MovieBooking\MovieBookingFx\database\Movie.odb' is opened by 12980@DESKTOP-KCNIK4J

[2560-11-24 01:32:01 #2 store] 
Configuration path: C:\Users\terkg\Documents\GitHub\MovieBooking\objectdb\objectdb.conf

[2560-11-24 01:32:43 #3 store] 
Database 'C:\Users\terkg\Documents\GitHub\MovieBooking\MovieBookingFx\database\Movie.odb' is closed by 12980@DESKTOP-KCNIK4J

